[2025-03-31 18:04:13,490] [INFO] [database] ï¿½ï¿½ï¿½Ý¿ï¿½ï¿½ï¿½á¹¹ï¿½ï¿½Ê¼ï¿½ï¿½ï¿½ï¿½ï¿½
[2025-03-31 18:04:16,914] [INFO] [database] ï¿½ï¿½ï¿½Ý¿ï¿½ï¿½ï¿½á¹¹ï¿½ï¿½Ê¼ï¿½ï¿½ï¿½ï¿½ï¿½
[2025-03-31 18:04:19,109] [INFO] [database] ï¿½ï¿½ï¿½Ý¿ï¿½ï¿½ï¿½á¹¹ï¿½ï¿½Ê¼ï¿½ï¿½ï¿½ï¿½ï¿½
[2025-03-31 18:04:20,474] [INFO] [database] ï¿½ï¿½ï¿½Ý¿ï¿½ï¿½ï¿½á¹¹ï¿½ï¿½Ê¼ï¿½ï¿½ï¿½ï¿½ï¿½
[2025-03-31 18:05:42,504] [INFO] [database] ï¿½ï¿½ï¿½Ý¿ï¿½ï¿½ï¿½á¹¹ï¿½ï¿½Ê¼ï¿½ï¿½ï¿½ï¿½ï¿½
[2025-03-31 18:05:44,187] [INFO] [database] ï¿½ï¿½ï¿½Ý¿ï¿½ï¿½ï¿½á¹¹ï¿½ï¿½Ê¼ï¿½ï¿½ï¿½ï¿½ï¿½
[2025-03-31 18:06:34,608] [INFO] [database] ï¿½ï¿½ï¿½Ý¿ï¿½ï¿½ï¿½á¹¹ï¿½ï¿½Ê¼ï¿½ï¿½ï¿½ï¿½ï¿½
[2025-03-31 18:06:36,467] [INFO] [database] ï¿½ï¿½ï¿½Ý¿ï¿½ï¿½ï¿½á¹¹ï¿½ï¿½Ê¼ï¿½ï¿½ï¿½ï¿½ï¿½
[2025-03-31 18:13:17,301] [INFO] [database] ï¿½ï¿½ï¿½Ý¿ï¿½ï¿½ï¿½á¹¹ï¿½ï¿½Ê¼ï¿½ï¿½ï¿½ï¿½ï¿½
[2025-03-31 18:13:18,895] [INFO] [database] ï¿½ï¿½ï¿½Ý¿ï¿½ï¿½ï¿½á¹¹ï¿½ï¿½Ê¼ï¿½ï¿½ï¿½ï¿½ï¿½
[2025-03-31 18:15:50,708] [INFO] [database] ï¿½ï¿½ï¿½Ý¿ï¿½ï¿½ï¿½á¹¹ï¿½ï¿½Ê¼ï¿½ï¿½ï¿½ï¿½ï¿½
[2025-03-31 18:15:52,225] [INFO] [database] ï¿½ï¿½ï¿½Ý¿ï¿½ï¿½ï¿½á¹¹ï¿½ï¿½Ê¼ï¿½ï¿½ï¿½ï¿½ï¿½
[2025-03-31 18:16:20,713] [INFO] [database] ï¿½ï¿½ï¿½Ý¿ï¿½ï¿½ï¿½á¹¹ï¿½ï¿½Ê¼ï¿½ï¿½ï¿½ï¿½ï¿½
[2025-03-31 18:16:23,237] [INFO] [database] ï¿½ï¿½ï¿½Ý¿ï¿½ï¿½ï¿½á¹¹ï¿½ï¿½Ê¼ï¿½ï¿½ï¿½ï¿½ï¿½
[2025-03-31 18:24:22,007] [INFO] [database] ï¿½ï¿½ï¿½Ý¿ï¿½ï¿½ï¿½á¹¹ï¿½ï¿½Ê¼ï¿½ï¿½ï¿½ï¿½ï¿½
[2025-03-31 18:24:24,878] [INFO] [database] ï¿½ï¿½ï¿½Ý¿ï¿½ï¿½ï¿½á¹¹ï¿½ï¿½Ê¼ï¿½ï¿½ï¿½ï¿½ï¿½
[2025-03-31 18:25:25,491] [INFO] [database] ï¿½ï¿½ï¿½Ý¿ï¿½ï¿½ï¿½á¹¹ï¿½ï¿½Ê¼ï¿½ï¿½ï¿½ï¿½ï¿½
[2025-03-31 18:25:27,274] [INFO] [database] ï¿½ï¿½ï¿½Ý¿ï¿½ï¿½ï¿½á¹¹ï¿½ï¿½Ê¼ï¿½ï¿½ï¿½ï¿½ï¿½
[2025-03-31 18:27:02,997] [INFO] [database] ï¿½ï¿½ï¿½Ý¿ï¿½ï¿½ï¿½á¹¹ï¿½ï¿½Ê¼ï¿½ï¿½ï¿½ï¿½ï¿½
[2025-03-31 18:27:07,554] [INFO] [database] ï¿½ï¿½ï¿½Ý¿ï¿½ï¿½ï¿½á¹¹ï¿½ï¿½Ê¼ï¿½ï¿½ï¿½ï¿½ï¿½
[2025-03-31 18:27:39,128] [INFO] [database] ï¿½ï¿½ï¿½Ý¿ï¿½ï¿½ï¿½á¹¹ï¿½ï¿½Ê¼ï¿½ï¿½ï¿½ï¿½ï¿½
[2025-03-31 18:27:42,082] [INFO] [database] ï¿½ï¿½ï¿½Ý¿ï¿½ï¿½ï¿½á¹¹ï¿½ï¿½Ê¼ï¿½ï¿½ï¿½ï¿½ï¿½
[2025-03-31 18:27:46,681] [INFO] [database] ï¿½ï¿½ï¿½Ý¿ï¿½ï¿½ï¿½á¹¹ï¿½ï¿½Ê¼ï¿½ï¿½ï¿½ï¿½ï¿½
[2025-03-31 18:29:51,122] [INFO] [database] ï¿½ï¿½ï¿½Ý¿ï¿½ï¿½ï¿½á¹¹ï¿½ï¿½Ê¼ï¿½ï¿½ï¿½ï¿½ï¿½
[2025-03-31 18:31:22,637] [INFO] [database] ï¿½ï¿½ï¿½Ý¿ï¿½ï¿½ï¿½á¹¹ï¿½ï¿½Ê¼ï¿½ï¿½ï¿½ï¿½ï¿½
[2025-03-31 18:31:22,685] [INFO] [database] ï¿½ï¿½ï¿½Ý¿ï¿½ï¿½ï¿½á¹¹ï¿½ï¿½Ê¼ï¿½ï¿½ï¿½ï¿½ï¿½
[2025-03-31 18:31:22,755] [INFO] [database] ï¿½ï¿½ï¿½Ý¿ï¿½ï¿½ï¿½á¹¹ï¿½ï¿½Ê¼ï¿½ï¿½ï¿½ï¿½ï¿½
[2025-03-31 18:31:27,227] [INFO] [database] ï¿½ï¿½ï¿½Ý¿ï¿½ï¿½ï¿½á¹¹ï¿½ï¿½Ê¼ï¿½ï¿½ï¿½ï¿½ï¿½
[2025-03-31 18:31:30,612] [INFO] [database] ï¿½ï¿½ï¿½Ý¿ï¿½ï¿½ï¿½á¹¹ï¿½ï¿½Ê¼ï¿½ï¿½ï¿½ï¿½ï¿½
[2025-03-31 18:31:33,336] [INFO] [database] ï¿½ï¿½ï¿½Ý¿ï¿½ï¿½ï¿½á¹¹ï¿½ï¿½Ê¼ï¿½ï¿½ï¿½ï¿½ï¿½
[2025-03-31 18:54:46,196] [INFO] [database] ï¿½ï¿½ï¿½Ý¿ï¿½ï¿½ï¿½á¹¹ï¿½ï¿½Ê¼ï¿½ï¿½ï¿½ï¿½ï¿½
[2025-03-31 18:54:59,300] [INFO] [database] ï¿½ï¿½ï¿½Ý¿ï¿½ï¿½ï¿½á¹¹ï¿½ï¿½Ê¼ï¿½ï¿½ï¿½ï¿½ï¿½
[2025-03-31 19:01:15,061] [INFO] [database] ï¿½ï¿½ï¿½Ý¿ï¿½ï¿½ï¿½á¹¹ï¿½ï¿½Ê¼ï¿½ï¿½ï¿½ï¿½ï¿½
[2025-03-31 20:58:47,414] [INFO] [database] ï¿½ï¿½ï¿½Ý¿ï¿½ï¿½ï¿½á¹¹ï¿½ï¿½Ê¼ï¿½ï¿½ï¿½ï¿½ï¿½
[2025-03-31 20:58:47,464] [INFO] [database] ï¿½ï¿½ï¿½Ý¿ï¿½ï¿½ï¿½á¹¹ï¿½ï¿½Ê¼ï¿½ï¿½ï¿½ï¿½ï¿½
[2025-03-31 20:58:47,546] [INFO] [database] ï¿½ï¿½ï¿½Ý¿ï¿½ï¿½ï¿½á¹¹ï¿½ï¿½Ê¼ï¿½ï¿½ï¿½ï¿½ï¿½
[2025-03-31 20:58:54,692] [INFO] [database] ï¿½ï¿½ï¿½Ý¿ï¿½ï¿½ï¿½á¹¹ï¿½ï¿½Ê¼ï¿½ï¿½ï¿½ï¿½ï¿½
[2025-03-31 20:58:58,396] [INFO] [database] ï¿½ï¿½ï¿½Ý¿ï¿½ï¿½ï¿½á¹¹ï¿½ï¿½Ê¼ï¿½ï¿½ï¿½ï¿½ï¿½
[2025-03-31 20:59:00,651] [INFO] [database] ï¿½ï¿½ï¿½Ý¿ï¿½ï¿½ï¿½á¹¹ï¿½ï¿½Ê¼ï¿½ï¿½ï¿½ï¿½ï¿½
[2025-03-31 20:59:03,017] [INFO] [database] ï¿½ï¿½ï¿½Ý¿ï¿½ï¿½ï¿½á¹¹ï¿½ï¿½Ê¼ï¿½ï¿½ï¿½ï¿½ï¿½
[2025-03-31 21:09:32,196] [INFO] [database] ï¿½ï¿½ï¿½Ý¿ï¿½ï¿½ï¿½á¹¹ï¿½ï¿½Ê¼ï¿½ï¿½ï¿½ï¿½ï¿½
[2025-03-31 21:09:38,623] [INFO] [database] ï¿½ï¿½ï¿½Ý¿ï¿½ï¿½ï¿½á¹¹ï¿½ï¿½Ê¼ï¿½ï¿½ï¿½ï¿½ï¿½
[2025-03-31 21:09:41,632] [INFO] [database] ï¿½ï¿½ï¿½Ý¿ï¿½ï¿½ï¿½á¹¹ï¿½ï¿½Ê¼ï¿½ï¿½ï¿½ï¿½ï¿½
[2025-03-31 21:09:44,302] [INFO] [database] ï¿½ï¿½ï¿½Ý¿ï¿½ï¿½ï¿½á¹¹ï¿½ï¿½Ê¼ï¿½ï¿½ï¿½ï¿½ï¿½
[2025-03-31 21:09:45,831] [INFO] [database] ï¿½ï¿½ï¿½Ý¿ï¿½ï¿½ï¿½á¹¹ï¿½ï¿½Ê¼ï¿½ï¿½ï¿½ï¿½ï¿½
[2025-03-31 21:09:46,684] [INFO] [database] ï¿½ï¿½ï¿½Ý¿ï¿½ï¿½ï¿½á¹¹ï¿½ï¿½Ê¼ï¿½ï¿½ï¿½ï¿½ï¿½
[2025-03-31 21:11:57,560] [INFO] [database] ï¿½ï¿½ï¿½Ý¿ï¿½ï¿½ï¿½á¹¹ï¿½ï¿½Ê¼ï¿½ï¿½ï¿½ï¿½ï¿½
[2025-03-31 21:11:58,727] [INFO] [database] ï¿½ï¿½ï¿½Ý¿ï¿½ï¿½ï¿½á¹¹ï¿½ï¿½Ê¼ï¿½ï¿½ï¿½ï¿½ï¿½
[2025-03-31 21:15:49,091] [INFO] [database] ï¿½ï¿½ï¿½Ý¿ï¿½ï¿½ï¿½á¹¹ï¿½ï¿½Ê¼ï¿½ï¿½ï¿½ï¿½ï¿½
[2025-03-31 21:15:50,777] [INFO] [database] ï¿½ï¿½ï¿½Ý¿ï¿½ï¿½ï¿½á¹¹ï¿½ï¿½Ê¼ï¿½ï¿½ï¿½ï¿½ï¿½
[2025-03-31 21:16:57,635] [INFO] [database] ï¿½ï¿½ï¿½Ý¿ï¿½ï¿½ï¿½á¹¹ï¿½ï¿½Ê¼ï¿½ï¿½ï¿½ï¿½ï¿½
[2025-03-31 21:16:58,706] [INFO] [database] ï¿½ï¿½ï¿½Ý¿ï¿½ï¿½ï¿½á¹¹ï¿½ï¿½Ê¼ï¿½ï¿½ï¿½ï¿½ï¿½
[2025-03-31 21:21:39,585] [INFO] [database] ï¿½ï¿½ï¿½Ý¿ï¿½ï¿½ï¿½á¹¹ï¿½ï¿½Ê¼ï¿½ï¿½ï¿½ï¿½ï¿½
[2025-03-31 21:21:40,917] [INFO] [database] ï¿½ï¿½ï¿½Ý¿ï¿½ï¿½ï¿½á¹¹ï¿½ï¿½Ê¼ï¿½ï¿½ï¿½ï¿½ï¿½
[2025-03-31 21:22:39,824] [INFO] [database] ï¿½ï¿½ï¿½Ý¿ï¿½ï¿½ï¿½á¹¹ï¿½ï¿½Ê¼ï¿½ï¿½ï¿½ï¿½ï¿½
[2025-03-31 21:22:41,042] [INFO] [database] ï¿½ï¿½ï¿½Ý¿ï¿½ï¿½ï¿½á¹¹ï¿½ï¿½Ê¼ï¿½ï¿½ï¿½ï¿½ï¿½
[2025-03-31 21:25:07,136] [INFO] [database] ï¿½ï¿½ï¿½Ý¿ï¿½ï¿½ï¿½á¹¹ï¿½ï¿½Ê¼ï¿½ï¿½ï¿½ï¿½ï¿½
[2025-03-31 21:25:08,330] [INFO] [database] ï¿½ï¿½ï¿½Ý¿ï¿½ï¿½ï¿½á¹¹ï¿½ï¿½Ê¼ï¿½ï¿½ï¿½ï¿½ï¿½
[2025-03-31 21:40:03,611] [INFO] [database] ï¿½ï¿½ï¿½Ý¿ï¿½ï¿½ï¿½á¹¹ï¿½ï¿½Ê¼ï¿½ï¿½ï¿½ï¿½ï¿½
[2025-03-31 21:40:04,694] [INFO] [database] ï¿½ï¿½ï¿½Ý¿ï¿½ï¿½ï¿½á¹¹ï¿½ï¿½Ê¼ï¿½ï¿½ï¿½ï¿½ï¿½
[2025-03-31 21:40:48,008] [INFO] [database] ï¿½ï¿½ï¿½Ý¿ï¿½ï¿½ï¿½á¹¹ï¿½ï¿½Ê¼ï¿½ï¿½ï¿½ï¿½ï¿½
[2025-03-31 21:40:49,020] [INFO] [database] ï¿½ï¿½ï¿½Ý¿ï¿½ï¿½ï¿½á¹¹ï¿½ï¿½Ê¼ï¿½ï¿½ï¿½ï¿½ï¿½
[2025-03-31 21:42:52,373] [INFO] [database] ï¿½ï¿½ï¿½Ý¿ï¿½ï¿½ï¿½á¹¹ï¿½ï¿½Ê¼ï¿½ï¿½ï¿½ï¿½ï¿½
[2025-03-31 21:42:53,721] [INFO] [database] ï¿½ï¿½ï¿½Ý¿ï¿½ï¿½ï¿½á¹¹ï¿½ï¿½Ê¼ï¿½ï¿½ï¿½ï¿½ï¿½
[2025-03-31 21:45:19,613] [INFO] [database] ï¿½ï¿½ï¿½Ý¿ï¿½ï¿½ï¿½á¹¹ï¿½ï¿½Ê¼ï¿½ï¿½ï¿½ï¿½ï¿½
[2025-03-31 21:45:21,085] [INFO] [database] ï¿½ï¿½ï¿½Ý¿ï¿½ï¿½ï¿½á¹¹ï¿½ï¿½Ê¼ï¿½ï¿½ï¿½ï¿½ï¿½
[2025-03-31 21:47:57,576] [INFO] [database] ï¿½ï¿½ï¿½Ý¿ï¿½ï¿½ï¿½á¹¹ï¿½ï¿½Ê¼ï¿½ï¿½ï¿½ï¿½ï¿½
[2025-03-31 21:50:08,769] [INFO] [database] ï¿½ï¿½ï¿½Ý¿ï¿½ï¿½ï¿½á¹¹ï¿½ï¿½Ê¼ï¿½ï¿½ï¿½ï¿½ï¿½
[2025-03-31 21:51:05,895] [INFO] [database] ï¿½ï¿½ï¿½Ý¿ï¿½ï¿½ï¿½á¹¹ï¿½ï¿½Ê¼ï¿½ï¿½ï¿½ï¿½ï¿½
[2025-03-31 21:52:49,229] [INFO] [database] ï¿½ï¿½ï¿½Ý¿ï¿½ï¿½ï¿½á¹¹ï¿½ï¿½Ê¼ï¿½ï¿½ï¿½ï¿½ï¿½
[2025-03-31 21:53:17,070] [INFO] [database] ï¿½ï¿½ï¿½Ý¿ï¿½ï¿½ï¿½á¹¹ï¿½ï¿½Ê¼ï¿½ï¿½ï¿½ï¿½ï¿½
[2025-03-31 21:54:46,740] [INFO] [database] ï¿½ï¿½ï¿½Ý¿ï¿½ï¿½ï¿½á¹¹ï¿½ï¿½Ê¼ï¿½ï¿½ï¿½ï¿½ï¿½
[2025-03-31 21:54:49,176] [INFO] [database] ï¿½ï¿½ï¿½Ý¿ï¿½ï¿½ï¿½á¹¹ï¿½ï¿½Ê¼ï¿½ï¿½ï¿½ï¿½ï¿½
[2025-03-31 21:55:56,423] [INFO] [database] ï¿½ï¿½ï¿½Ý¿ï¿½ï¿½ï¿½á¹¹ï¿½ï¿½Ê¼ï¿½ï¿½ï¿½ï¿½ï¿½
[2025-03-31 21:57:17,359] [INFO] [database] ï¿½ï¿½ï¿½Ý¿ï¿½ï¿½ï¿½á¹¹ï¿½ï¿½Ê¼ï¿½ï¿½ï¿½ï¿½ï¿½
[2025-03-31 21:58:07,514] [INFO] [database] ï¿½ï¿½ï¿½Ý¿ï¿½ï¿½ï¿½á¹¹ï¿½ï¿½Ê¼ï¿½ï¿½ï¿½ï¿½ï¿½
[2025-03-31 21:58:09,811] [INFO] [database] ï¿½ï¿½ï¿½Ý¿ï¿½ï¿½ï¿½á¹¹ï¿½ï¿½Ê¼ï¿½ï¿½ï¿½ï¿½ï¿½
[2025-03-31 22:05:49,017] [INFO] [database] ï¿½ï¿½ï¿½Ý¿ï¿½ï¿½ï¿½á¹¹ï¿½ï¿½Ê¼ï¿½ï¿½ï¿½ï¿½ï¿½
[2025-03-31 22:06:59,187] [INFO] [database] ï¿½ï¿½ï¿½Ý¿ï¿½ï¿½ï¿½á¹¹ï¿½ï¿½Ê¼ï¿½ï¿½ï¿½ï¿½ï¿½
[2025-03-31 22:07:41,454] [INFO] [database] ï¿½ï¿½ï¿½Ý¿ï¿½ï¿½ï¿½á¹¹ï¿½ï¿½Ê¼ï¿½ï¿½ï¿½ï¿½ï¿½
[2025-03-31 22:12:04,461] [INFO] [database] ï¿½ï¿½ï¿½Ý¿ï¿½ï¿½ï¿½á¹¹ï¿½ï¿½Ê¼ï¿½ï¿½ï¿½ï¿½ï¿½
[2025-03-31 22:12:08,975] [INFO] [database] ï¿½ï¿½ï¿½Ý¿ï¿½ï¿½ï¿½á¹¹ï¿½ï¿½Ê¼ï¿½ï¿½ï¿½ï¿½ï¿½
[2025-03-31 22:16:04,453] [INFO] [database] ï¿½ï¿½ï¿½Ý¿ï¿½ï¿½ï¿½á¹¹ï¿½ï¿½Ê¼ï¿½ï¿½ï¿½ï¿½ï¿½
[2025-03-31 22:16:06,108] [INFO] [database] ï¿½ï¿½ï¿½Ý¿ï¿½ï¿½ï¿½á¹¹ï¿½ï¿½Ê¼ï¿½ï¿½ï¿½ï¿½ï¿½
[2025-03-31 22:25:51,333] [INFO] [database] ï¿½ï¿½ï¿½Ý¿ï¿½ï¿½ï¿½á¹¹ï¿½ï¿½Ê¼ï¿½ï¿½ï¿½ï¿½ï¿½
[2025-03-31 22:26:37,836] [INFO] [database] ï¿½ï¿½ï¿½Ý¿ï¿½ï¿½ï¿½á¹¹ï¿½ï¿½Ê¼ï¿½ï¿½ï¿½ï¿½ï¿½
[2025-03-31 22:27:10,985] [INFO] [database] ï¿½ï¿½ï¿½Ý¿ï¿½ï¿½ï¿½á¹¹ï¿½ï¿½Ê¼ï¿½ï¿½ï¿½ï¿½ï¿½
[2025-03-31 22:28:56,860] [INFO] [database] ï¿½ï¿½ï¿½Ý¿ï¿½ï¿½ï¿½á¹¹ï¿½ï¿½Ê¼ï¿½ï¿½ï¿½ï¿½ï¿½
[2025-03-31 22:28:59,205] [INFO] [database] ï¿½ï¿½ï¿½Ý¿ï¿½ï¿½ï¿½á¹¹ï¿½ï¿½Ê¼ï¿½ï¿½ï¿½ï¿½ï¿½
[2025-03-31 22:30:32,273] [INFO] [database] ï¿½ï¿½ï¿½Ý¿ï¿½ï¿½ï¿½á¹¹ï¿½ï¿½Ê¼ï¿½ï¿½ï¿½ï¿½ï¿½
[2025-03-31 22:32:20,781] [INFO] [database] ï¿½ï¿½ï¿½Ý¿ï¿½ï¿½ï¿½á¹¹ï¿½ï¿½Ê¼ï¿½ï¿½ï¿½ï¿½ï¿½
[2025-03-31 22:32:24,008] [INFO] [database] ï¿½ï¿½ï¿½Ý¿ï¿½ï¿½ï¿½á¹¹ï¿½ï¿½Ê¼ï¿½ï¿½ï¿½ï¿½ï¿½
[2025-03-31 22:41:12,849] [INFO] [database] ï¿½ï¿½ï¿½Ý¿ï¿½ï¿½ï¿½á¹¹ï¿½ï¿½Ê¼ï¿½ï¿½ï¿½ï¿½ï¿½
[2025-03-31 22:41:33,396] [INFO] [database] ï¿½ï¿½ï¿½Ý¿ï¿½ï¿½ï¿½á¹¹ï¿½ï¿½Ê¼ï¿½ï¿½ï¿½ï¿½ï¿½
[2025-03-31 22:45:52,497] [INFO] [database] ï¿½ï¿½ï¿½Ý¿ï¿½ï¿½ï¿½á¹¹ï¿½ï¿½Ê¼ï¿½ï¿½ï¿½ï¿½ï¿½
[2025-03-31 22:45:54,280] [INFO] [database] ï¿½ï¿½ï¿½Ý¿ï¿½ï¿½ï¿½á¹¹ï¿½ï¿½Ê¼ï¿½ï¿½ï¿½ï¿½ï¿½
[2025-03-31 22:46:52,129] [INFO] [database] ï¿½ï¿½ï¿½Ý¿ï¿½ï¿½ï¿½á¹¹ï¿½ï¿½Ê¼ï¿½ï¿½ï¿½ï¿½ï¿½
[2025-03-31 22:47:17,822] [INFO] [database] ï¿½ï¿½ï¿½Ý¿ï¿½ï¿½ï¿½á¹¹ï¿½ï¿½Ê¼ï¿½ï¿½ï¿½ï¿½ï¿½
[2025-03-31 22:49:26,967] [INFO] [database] ï¿½ï¿½ï¿½Ý¿ï¿½ï¿½ï¿½á¹¹ï¿½ï¿½Ê¼ï¿½ï¿½ï¿½ï¿½ï¿½
[2025-03-31 22:50:05,999] [INFO] [database] ï¿½ï¿½ï¿½Ý¿ï¿½ï¿½ï¿½á¹¹ï¿½ï¿½Ê¼ï¿½ï¿½ï¿½ï¿½ï¿½
[2025-04-01 00:00:59,892] [INFO] [database] ï¿½ï¿½ï¿½Ý¿ï¿½ï¿½ï¿½á¹¹ï¿½ï¿½Ê¼ï¿½ï¿½ï¿½ï¿½ï¿½
[2025-04-01 00:00:59,935] [INFO] [database] ï¿½ï¿½ï¿½Ý¿ï¿½ï¿½ï¿½á¹¹ï¿½ï¿½Ê¼ï¿½ï¿½ï¿½ï¿½ï¿½
[2025-04-01 00:01:00,007] [INFO] [database] ï¿½ï¿½ï¿½Ý¿ï¿½ï¿½ï¿½á¹¹ï¿½ï¿½Ê¼ï¿½ï¿½ï¿½ï¿½ï¿½
[2025-04-01 00:01:04,270] [INFO] [database] ï¿½ï¿½ï¿½Ý¿ï¿½ï¿½ï¿½á¹¹ï¿½ï¿½Ê¼ï¿½ï¿½ï¿½ï¿½ï¿½
[2025-03-31 16:45:47,045] [INFO] [database] ï¿½ï¿½ï¿½Ý¿ï¿½ï¿½ï¿½á¹¹ï¿½ï¿½Ê¼ï¿½ï¿½ï¿½ï¿½ï¿½
[2025-03-31 16:45:47,146] [INFO] [database] Successfully loaded 1672 rows for sh.600622
[2025-03-31 17:00:02,672] [INFO] [database] ï¿½ï¿½ï¿½Ý¿ï¿½ï¿½ï¿½á¹¹ï¿½ï¿½Ê¼ï¿½ï¿½ï¿½ï¿½ï¿½
[2025-03-31 17:00:04,255] [INFO] [database] ï¿½ï¿½ï¿½Ý¿ï¿½ï¿½ï¿½á¹¹ï¿½ï¿½Ê¼ï¿½ï¿½ï¿½ï¿½ï¿½
[2025-03-31 17:01:23,231] [INFO] [database] ï¿½ï¿½ï¿½Ý¿ï¿½ï¿½ï¿½á¹¹ï¿½ï¿½Ê¼ï¿½ï¿½ï¿½ï¿½ï¿½
[2025-03-31 17:01:25,727] [INFO] [database] ï¿½ï¿½ï¿½Ý¿ï¿½ï¿½ï¿½á¹¹ï¿½ï¿½Ê¼ï¿½ï¿½ï¿½ï¿½ï¿½
[2025-03-31 17:02:06,954] [INFO] [database] ï¿½ï¿½ï¿½Ý¿ï¿½ï¿½ï¿½á¹¹ï¿½ï¿½Ê¼ï¿½ï¿½ï¿½ï¿½ï¿½
[2025-03-31 17:02:08,448] [INFO] [database] ï¿½ï¿½ï¿½Ý¿ï¿½ï¿½ï¿½á¹¹ï¿½ï¿½Ê¼ï¿½ï¿½ï¿½ï¿½ï¿½
[2025-03-31 17:04:02,349] [INFO] [database] ï¿½ï¿½ï¿½Ý¿ï¿½ï¿½ï¿½á¹¹ï¿½ï¿½Ê¼ï¿½ï¿½ï¿½ï¿½ï¿½
[2025-03-31 17:04:05,012] [INFO] [database] ï¿½ï¿½ï¿½Ý¿ï¿½ï¿½ï¿½á¹¹ï¿½ï¿½Ê¼ï¿½ï¿½ï¿½ï¿½ï¿½
[2025-03-31 17:04:24,001] [INFO] [database] ï¿½ï¿½ï¿½Ý¿ï¿½ï¿½ï¿½á¹¹ï¿½ï¿½Ê¼ï¿½ï¿½ï¿½ï¿½ï¿½
[2025-03-31 17:04:25,899] [INFO] [database] ï¿½ï¿½ï¿½Ý¿ï¿½ï¿½ï¿½á¹¹ï¿½ï¿½Ê¼ï¿½ï¿½ï¿½ï¿½ï¿½
[2025-03-31 17:06:19,957] [INFO] [database] ï¿½ï¿½ï¿½Ý¿ï¿½ï¿½ï¿½á¹¹ï¿½ï¿½Ê¼ï¿½ï¿½ï¿½ï¿½ï¿½
[2025-03-31 17:06:22,496] [INFO] [database] ï¿½ï¿½ï¿½Ý¿ï¿½ï¿½ï¿½á¹¹ï¿½ï¿½Ê¼ï¿½ï¿½ï¿½ï¿½ï¿½
[2025-03-31 17:07:30,065] [INFO] [database] ï¿½ï¿½ï¿½Ý¿ï¿½ï¿½ï¿½á¹¹ï¿½ï¿½Ê¼ï¿½ï¿½ï¿½ï¿½ï¿½
[2025-03-31 17:07:32,258] [INFO] [database] ï¿½ï¿½ï¿½Ý¿ï¿½ï¿½ï¿½á¹¹ï¿½ï¿½Ê¼ï¿½ï¿½ï¿½ï¿½ï¿½
[2025-03-31 17:08:18,106] [INFO] [database] ï¿½ï¿½ï¿½Ý¿ï¿½ï¿½ï¿½á¹¹ï¿½ï¿½Ê¼ï¿½ï¿½ï¿½ï¿½ï¿½
[2025-03-31 17:08:19,864] [INFO] [database] ï¿½ï¿½ï¿½Ý¿ï¿½ï¿½ï¿½á¹¹ï¿½ï¿½Ê¼ï¿½ï¿½ï¿½ï¿½ï¿½
[2025-03-31 17:09:57,869] [INFO] [database] ï¿½ï¿½ï¿½Ý¿ï¿½ï¿½ï¿½á¹¹ï¿½ï¿½Ê¼ï¿½ï¿½ï¿½ï¿½ï¿½
[2025-03-31 17:10:04,496] [INFO] [database] ï¿½ï¿½ï¿½Ý¿ï¿½ï¿½ï¿½á¹¹ï¿½ï¿½Ê¼ï¿½ï¿½ï¿½ï¿½ï¿½
[2025-03-31 17:18:03,416] [INFO] [database] ï¿½ï¿½ï¿½Ý¿ï¿½ï¿½ï¿½á¹¹ï¿½ï¿½Ê¼ï¿½ï¿½ï¿½ï¿½ï¿½
[2025-03-31 17:18:06,648] [INFO] [database] ï¿½ï¿½ï¿½Ý¿ï¿½ï¿½ï¿½á¹¹ï¿½ï¿½Ê¼ï¿½ï¿½ï¿½ï¿½ï¿½
[2025-03-31 17:19:06,575] [INFO] [database] ï¿½ï¿½ï¿½Ý¿ï¿½ï¿½ï¿½á¹¹ï¿½ï¿½Ê¼ï¿½ï¿½ï¿½ï¿½ï¿½
[2025-03-31 17:19:08,628] [INFO] [database] ï¿½ï¿½ï¿½Ý¿ï¿½ï¿½ï¿½á¹¹ï¿½ï¿½Ê¼ï¿½ï¿½ï¿½ï¿½ï¿½
[2025-03-31 17:19:48,480] [INFO] [database] ï¿½ï¿½ï¿½Ý¿ï¿½ï¿½ï¿½á¹¹ï¿½ï¿½Ê¼ï¿½ï¿½ï¿½ï¿½ï¿½
[2025-03-31 17:19:50,413] [INFO] [database] ï¿½ï¿½ï¿½Ý¿ï¿½ï¿½ï¿½á¹¹ï¿½ï¿½Ê¼ï¿½ï¿½ï¿½ï¿½ï¿½
[2025-03-31 17:20:40,010] [INFO] [database] ï¿½ï¿½ï¿½Ý¿ï¿½ï¿½ï¿½á¹¹ï¿½ï¿½Ê¼ï¿½ï¿½ï¿½ï¿½ï¿½
[2025-03-31 17:20:42,432] [INFO] [database] ï¿½ï¿½ï¿½Ý¿ï¿½ï¿½ï¿½á¹¹ï¿½ï¿½Ê¼ï¿½ï¿½ï¿½ï¿½ï¿½
[2025-03-31 17:21:28,904] [INFO] [database] ï¿½ï¿½ï¿½Ý¿ï¿½ï¿½ï¿½á¹¹ï¿½ï¿½Ê¼ï¿½ï¿½ï¿½ï¿½ï¿½
[2025-03-31 17:21:31,043] [INFO] [database] ï¿½ï¿½ï¿½Ý¿ï¿½ï¿½ï¿½á¹¹ï¿½ï¿½Ê¼ï¿½ï¿½ï¿½ï¿½ï¿½
[2025-03-31 17:21:48,065] [INFO] [database] ï¿½ï¿½ï¿½Ý¿ï¿½ï¿½ï¿½á¹¹ï¿½ï¿½Ê¼ï¿½ï¿½ï¿½ï¿½ï¿½
[2025-03-31 17:21:50,163] [INFO] [database] ï¿½ï¿½ï¿½Ý¿ï¿½ï¿½ï¿½á¹¹ï¿½ï¿½Ê¼ï¿½ï¿½ï¿½ï¿½ï¿½
[2025-03-31 17:22:31,525] [INFO] [database] ï¿½ï¿½ï¿½Ý¿ï¿½ï¿½ï¿½á¹¹ï¿½ï¿½Ê¼ï¿½ï¿½ï¿½ï¿½ï¿½
[2025-03-31 17:22:34,148] [INFO] [database] ï¿½ï¿½ï¿½Ý¿ï¿½ï¿½ï¿½á¹¹ï¿½ï¿½Ê¼ï¿½ï¿½ï¿½ï¿½ï¿½
[2025-03-31 17:24:08,967] [INFO] [database] ï¿½ï¿½ï¿½Ý¿ï¿½ï¿½ï¿½á¹¹ï¿½ï¿½Ê¼ï¿½ï¿½ï¿½ï¿½ï¿½
[2025-03-31 17:24:11,054] [INFO] [database] ï¿½ï¿½ï¿½Ý¿ï¿½ï¿½ï¿½á¹¹ï¿½ï¿½Ê¼ï¿½ï¿½ï¿½ï¿½ï¿½
[2025-03-31 17:26:05,652] [INFO] [database] ï¿½ï¿½ï¿½Ý¿ï¿½ï¿½ï¿½á¹¹ï¿½ï¿½Ê¼ï¿½ï¿½ï¿½ï¿½ï¿½
[2025-03-31 17:26:08,687] [INFO] [database] ï¿½ï¿½ï¿½Ý¿ï¿½ï¿½ï¿½á¹¹ï¿½ï¿½Ê¼ï¿½ï¿½ï¿½ï¿½ï¿½
[2025-03-31 18:04:08,970] [INFO] [database] ï¿½ï¿½ï¿½Ý¿ï¿½ï¿½ï¿½á¹¹ï¿½ï¿½Ê¼ï¿½ï¿½ï¿½ï¿½ï¿½
[2025-03-31 18:04:09,005] [INFO] [database] ï¿½ï¿½ï¿½Ý¿ï¿½ï¿½ï¿½á¹¹ï¿½ï¿½Ê¼ï¿½ï¿½ï¿½ï¿½ï¿½
[2025-03-31 18:04:09,071] [INFO] [database] ï¿½ï¿½ï¿½Ý¿ï¿½ï¿½ï¿½á¹¹ï¿½ï¿½Ê¼ï¿½ï¿½ï¿½ï¿½ï¿½
[2025-03-31 18:04:13,490] [INFO] [database] ï¿½ï¿½ï¿½Ý¿ï¿½ï¿½ï¿½á¹¹ï¿½ï¿½Ê¼ï¿½ï¿½ï¿½ï¿½ï¿½
[2025-03-31 18:04:16,914] [INFO] [database] ï¿½ï¿½ï¿½Ý¿ï¿½ï¿½ï¿½á¹¹ï¿½ï¿½Ê¼ï¿½ï¿½ï¿½ï¿½ï¿½
[2025-03-31 18:04:19,109] [INFO] [database] ï¿½ï¿½ï¿½Ý¿ï¿½ï¿½ï¿½á¹¹ï¿½ï¿½Ê¼ï¿½ï¿½ï¿½ï¿½ï¿½
[2025-03-31 18:04:20,474] [INFO] [database] ï¿½ï¿½ï¿½Ý¿ï¿½ï¿½ï¿½á¹¹ï¿½ï¿½Ê¼ï¿½ï¿½ï¿½ï¿½ï¿½
[2025-03-31 18:05:42,504] [INFO] [database] ï¿½ï¿½ï¿½Ý¿ï¿½ï¿½ï¿½á¹¹ï¿½ï¿½Ê¼ï¿½ï¿½ï¿½ï¿½ï¿½
[2025-03-31 18:05:44,187] [INFO] [database] ï¿½ï¿½ï¿½Ý¿ï¿½ï¿½ï¿½á¹¹ï¿½ï¿½Ê¼ï¿½ï¿½ï¿½ï¿½ï¿½
[2025-03-31 18:06:34,608] [INFO] [database] ï¿½ï¿½ï¿½Ý¿ï¿½ï¿½ï¿½á¹¹ï¿½ï¿½Ê¼ï¿½ï¿½ï¿½ï¿½ï¿½
[2025-03-31 18:06:36,467] [INFO] [database] ï¿½ï¿½ï¿½Ý¿ï¿½ï¿½ï¿½á¹¹ï¿½ï¿½Ê¼ï¿½ï¿½ï¿½ï¿½ï¿½
[2025-03-31 18:13:17,301] [INFO] [database] ï¿½ï¿½ï¿½Ý¿ï¿½ï¿½ï¿½á¹¹ï¿½ï¿½Ê¼ï¿½ï¿½ï¿½ï¿½ï¿½
[2025-03-31 18:13:18,895] [INFO] [database] ï¿½ï¿½ï¿½Ý¿ï¿½ï¿½ï¿½á¹¹ï¿½ï¿½Ê¼ï¿½ï¿½ï¿½ï¿½ï¿½
[2025-03-31 18:15:50,708] [INFO] [database] ï¿½ï¿½ï¿½Ý¿ï¿½ï¿½ï¿½á¹¹ï¿½ï¿½Ê¼ï¿½ï¿½ï¿½ï¿½ï¿½
[2025-03-31 18:15:52,225] [INFO] [database] ï¿½ï¿½ï¿½Ý¿ï¿½ï¿½ï¿½á¹¹ï¿½ï¿½Ê¼ï¿½ï¿½ï¿½ï¿½ï¿½
[2025-03-31 18:16:20,713] [INFO] [database] ï¿½ï¿½ï¿½Ý¿ï¿½ï¿½ï¿½á¹¹ï¿½ï¿½Ê¼ï¿½ï¿½ï¿½ï¿½ï¿½
[2025-03-31 18:16:23,237] [INFO] [database] ï¿½ï¿½ï¿½Ý¿ï¿½ï¿½ï¿½á¹¹ï¿½ï¿½Ê¼ï¿½ï¿½ï¿½ï¿½ï¿½
[2025-03-31 18:24:22,007] [INFO] [database] ï¿½ï¿½ï¿½Ý¿ï¿½ï¿½ï¿½á¹¹ï¿½ï¿½Ê¼ï¿½ï¿½ï¿½ï¿½ï¿½
[2025-03-31 18:24:24,878] [INFO] [database] ï¿½ï¿½ï¿½Ý¿ï¿½ï¿½ï¿½á¹¹ï¿½ï¿½Ê¼ï¿½ï¿½ï¿½ï¿½ï¿½
[2025-03-31 18:25:25,491] [INFO] [database] ï¿½ï¿½ï¿½Ý¿ï¿½ï¿½ï¿½á¹¹ï¿½ï¿½Ê¼ï¿½ï¿½ï¿½ï¿½ï¿½
[2025-03-31 18:25:27,274] [INFO] [database] ï¿½ï¿½ï¿½Ý¿ï¿½ï¿½ï¿½á¹¹ï¿½ï¿½Ê¼ï¿½ï¿½ï¿½ï¿½ï¿½
[2025-03-31 18:27:02,997] [INFO] [database] ï¿½ï¿½ï¿½Ý¿ï¿½ï¿½ï¿½á¹¹ï¿½ï¿½Ê¼ï¿½ï¿½ï¿½ï¿½ï¿½
[2025-03-31 18:27:07,554] [INFO] [database] ï¿½ï¿½ï¿½Ý¿ï¿½ï¿½ï¿½á¹¹ï¿½ï¿½Ê¼ï¿½ï¿½ï¿½ï¿½ï¿½
[2025-03-31 18:27:39,128] [INFO] [database] ï¿½ï¿½ï¿½Ý¿ï¿½ï¿½ï¿½á¹¹ï¿½ï¿½Ê¼ï¿½ï¿½ï¿½ï¿½ï¿½
[2025-03-31 18:27:42,082] [INFO] [database] ï¿½ï¿½ï¿½Ý¿ï¿½ï¿½ï¿½á¹¹ï¿½ï¿½Ê¼ï¿½ï¿½ï¿½ï¿½ï¿½
[2025-03-31 18:27:46,681] [INFO] [database] ï¿½ï¿½ï¿½Ý¿ï¿½ï¿½ï¿½á¹¹ï¿½ï¿½Ê¼ï¿½ï¿½ï¿½ï¿½ï¿½
[2025-03-31 18:29:51,122] [INFO] [database] ï¿½ï¿½ï¿½Ý¿ï¿½ï¿½ï¿½á¹¹ï¿½ï¿½Ê¼ï¿½ï¿½ï¿½ï¿½ï¿½
[2025-03-31 18:31:22,637] [INFO] [database] ï¿½ï¿½ï¿½Ý¿ï¿½ï¿½ï¿½á¹¹ï¿½ï¿½Ê¼ï¿½ï¿½ï¿½ï¿½ï¿½
[2025-03-31 18:31:22,685] [INFO] [database] ï¿½ï¿½ï¿½Ý¿ï¿½ï¿½ï¿½á¹¹ï¿½ï¿½Ê¼ï¿½ï¿½ï¿½ï¿½ï¿½
[2025-03-31 18:31:22,755] [INFO] [database] ï¿½ï¿½ï¿½Ý¿ï¿½ï¿½ï¿½á¹¹ï¿½ï¿½Ê¼ï¿½ï¿½ï¿½ï¿½ï¿½
[2025-03-31 18:31:27,227] [INFO] [database] ï¿½ï¿½ï¿½Ý¿ï¿½ï¿½ï¿½á¹¹ï¿½ï¿½Ê¼ï¿½ï¿½ï¿½ï¿½ï¿½
[2025-03-31 18:31:30,612] [INFO] [database] ï¿½ï¿½ï¿½Ý¿ï¿½ï¿½ï¿½á¹¹ï¿½ï¿½Ê¼ï¿½ï¿½ï¿½ï¿½ï¿½
[2025-03-31 18:31:33,336] [INFO] [database] ï¿½ï¿½ï¿½Ý¿ï¿½ï¿½ï¿½á¹¹ï¿½ï¿½Ê¼ï¿½ï¿½ï¿½ï¿½ï¿½
[2025-03-31 18:54:46,196] [INFO] [database] ï¿½ï¿½ï¿½Ý¿ï¿½ï¿½ï¿½á¹¹ï¿½ï¿½Ê¼ï¿½ï¿½ï¿½ï¿½ï¿½
[2025-03-31 18:54:59,300] [INFO] [database] ï¿½ï¿½ï¿½Ý¿ï¿½ï¿½ï¿½á¹¹ï¿½ï¿½Ê¼ï¿½ï¿½ï¿½ï¿½ï¿½
[2025-03-31 19:01:15,061] [INFO] [database] ï¿½ï¿½ï¿½Ý¿ï¿½ï¿½ï¿½á¹¹ï¿½ï¿½Ê¼ï¿½ï¿½ï¿½ï¿½ï¿½
[2025-03-31 20:58:47,414] [INFO] [database] ï¿½ï¿½ï¿½Ý¿ï¿½ï¿½ï¿½á¹¹ï¿½ï¿½Ê¼ï¿½ï¿½ï¿½ï¿½ï¿½
[2025-03-31 20:58:47,464] [INFO] [database] ï¿½ï¿½ï¿½Ý¿ï¿½ï¿½ï¿½á¹¹ï¿½ï¿½Ê¼ï¿½ï¿½ï¿½ï¿½ï¿½
[2025-03-31 20:58:47,546] [INFO] [database] ï¿½ï¿½ï¿½Ý¿ï¿½ï¿½ï¿½á¹¹ï¿½ï¿½Ê¼ï¿½ï¿½ï¿½ï¿½ï¿½
[2025-03-31 20:58:54,692] [INFO] [database] ï¿½ï¿½ï¿½Ý¿ï¿½ï¿½ï¿½á¹¹ï¿½ï¿½Ê¼ï¿½ï¿½ï¿½ï¿½ï¿½
[2025-03-31 20:58:58,396] [INFO] [database] ï¿½ï¿½ï¿½Ý¿ï¿½ï¿½ï¿½á¹¹ï¿½ï¿½Ê¼ï¿½ï¿½ï¿½ï¿½ï¿½
[2025-03-31 20:59:00,651] [INFO] [database] ï¿½ï¿½ï¿½Ý¿ï¿½ï¿½ï¿½á¹¹ï¿½ï¿½Ê¼ï¿½ï¿½ï¿½ï¿½ï¿½
[2025-03-31 20:59:03,017] [INFO] [database] ï¿½ï¿½ï¿½Ý¿ï¿½ï¿½ï¿½á¹¹ï¿½ï¿½Ê¼ï¿½ï¿½ï¿½ï¿½ï¿½
[2025-03-31 21:09:32,196] [INFO] [database] ï¿½ï¿½ï¿½Ý¿ï¿½ï¿½ï¿½á¹¹ï¿½ï¿½Ê¼ï¿½ï¿½ï¿½ï¿½ï¿½
[2025-03-31 21:09:38,623] [INFO] [database] ï¿½ï¿½ï¿½Ý¿ï¿½ï¿½ï¿½á¹¹ï¿½ï¿½Ê¼ï¿½ï¿½ï¿½ï¿½ï¿½
[2025-03-31 21:09:41,632] [INFO] [database] ï¿½ï¿½ï¿½Ý¿ï¿½ï¿½ï¿½á¹¹ï¿½ï¿½Ê¼ï¿½ï¿½ï¿½ï¿½ï¿½
[2025-03-31 21:09:44,302] [INFO] [database] ï¿½ï¿½ï¿½Ý¿ï¿½ï¿½ï¿½á¹¹ï¿½ï¿½Ê¼ï¿½ï¿½ï¿½ï¿½ï¿½
[2025-03-31 21:09:45,831] [INFO] [database] ï¿½ï¿½ï¿½Ý¿ï¿½ï¿½ï¿½á¹¹ï¿½ï¿½Ê¼ï¿½ï¿½ï¿½ï¿½ï¿½
[2025-03-31 21:09:46,684] [INFO] [database] ï¿½ï¿½ï¿½Ý¿ï¿½ï¿½ï¿½á¹¹ï¿½ï¿½Ê¼ï¿½ï¿½ï¿½ï¿½ï¿½
[2025-03-31 21:11:57,560] [INFO] [database] ï¿½ï¿½ï¿½Ý¿ï¿½ï¿½ï¿½á¹¹ï¿½ï¿½Ê¼ï¿½ï¿½ï¿½ï¿½ï¿½
[2025-03-31 21:11:58,727] [INFO] [database] ï¿½ï¿½ï¿½Ý¿ï¿½ï¿½ï¿½á¹¹ï¿½ï¿½Ê¼ï¿½ï¿½ï¿½ï¿½ï¿½
[2025-03-31 21:15:49,091] [INFO] [database] ï¿½ï¿½ï¿½Ý¿ï¿½ï¿½ï¿½á¹¹ï¿½ï¿½Ê¼ï¿½ï¿½ï¿½ï¿½ï¿½
[2025-03-31 21:15:50,777] [INFO] [database] ï¿½ï¿½ï¿½Ý¿ï¿½ï¿½ï¿½á¹¹ï¿½ï¿½Ê¼ï¿½ï¿½ï¿½ï¿½ï¿½
[2025-03-31 21:16:57,635] [INFO] [database] ï¿½ï¿½ï¿½Ý¿ï¿½ï¿½ï¿½á¹¹ï¿½ï¿½Ê¼ï¿½ï¿½ï¿½ï¿½ï¿½
[2025-03-31 21:16:58,706] [INFO] [database] ï¿½ï¿½ï¿½Ý¿ï¿½ï¿½ï¿½á¹¹ï¿½ï¿½Ê¼ï¿½ï¿½ï¿½ï¿½ï¿½
[2025-03-31 21:21:39,585] [INFO] [database] ï¿½ï¿½ï¿½Ý¿ï¿½ï¿½ï¿½á¹¹ï¿½ï¿½Ê¼ï¿½ï¿½ï¿½ï¿½ï¿½
[2025-03-31 21:21:40,917] [INFO] [database] ï¿½ï¿½ï¿½Ý¿ï¿½ï¿½ï¿½á¹¹ï¿½ï¿½Ê¼ï¿½ï¿½ï¿½ï¿½ï¿½
[2025-03-31 21:22:39,824] [INFO] [database] ï¿½ï¿½ï¿½Ý¿ï¿½ï¿½ï¿½á¹¹ï¿½ï¿½Ê¼ï¿½ï¿½ï¿½ï¿½ï¿½
[2025-03-31 21:22:41,042] [INFO] [database] ï¿½ï¿½ï¿½Ý¿ï¿½ï¿½ï¿½á¹¹ï¿½ï¿½Ê¼ï¿½ï¿½ï¿½ï¿½ï¿½
[2025-03-31 21:25:07,136] [INFO] [database] ï¿½ï¿½ï¿½Ý¿ï¿½ï¿½ï¿½á¹¹ï¿½ï¿½Ê¼ï¿½ï¿½ï¿½ï¿½ï¿½
[2025-03-31 21:25:08,330] [INFO] [database] ï¿½ï¿½ï¿½Ý¿ï¿½ï¿½ï¿½á¹¹ï¿½ï¿½Ê¼ï¿½ï¿½ï¿½ï¿½ï¿½
[2025-03-31 21:40:03,611] [INFO] [database] ï¿½ï¿½ï¿½Ý¿ï¿½ï¿½ï¿½á¹¹ï¿½ï¿½Ê¼ï¿½ï¿½ï¿½ï¿½ï¿½
[2025-03-31 21:40:04,694] [INFO] [database] ï¿½ï¿½ï¿½Ý¿ï¿½ï¿½ï¿½á¹¹ï¿½ï¿½Ê¼ï¿½ï¿½ï¿½ï¿½ï¿½
[2025-03-31 21:40:48,008] [INFO] [database] ï¿½ï¿½ï¿½Ý¿ï¿½ï¿½ï¿½á¹¹ï¿½ï¿½Ê¼ï¿½ï¿½ï¿½ï¿½ï¿½
[2025-03-31 21:40:49,020] [INFO] [database] ï¿½ï¿½ï¿½Ý¿ï¿½ï¿½ï¿½á¹¹ï¿½ï¿½Ê¼ï¿½ï¿½ï¿½ï¿½ï¿½
[2025-03-31 21:42:52,373] [INFO] [database] ï¿½ï¿½ï¿½Ý¿ï¿½ï¿½ï¿½á¹¹ï¿½ï¿½Ê¼ï¿½ï¿½ï¿½ï¿½ï¿½
[2025-03-31 21:42:53,721] [INFO] [database] ï¿½ï¿½ï¿½Ý¿ï¿½ï¿½ï¿½á¹¹ï¿½ï¿½Ê¼ï¿½ï¿½ï¿½ï¿½ï¿½
[2025-03-31 21:45:19,613] [INFO] [database] ï¿½ï¿½ï¿½Ý¿ï¿½ï¿½ï¿½á¹¹ï¿½ï¿½Ê¼ï¿½ï¿½ï¿½ï¿½ï¿½
[2025-03-31 21:45:21,085] [INFO] [database] ï¿½ï¿½ï¿½Ý¿ï¿½ï¿½ï¿½á¹¹ï¿½ï¿½Ê¼ï¿½ï¿½ï¿½ï¿½ï¿½
[2025-03-31 21:47:57,576] [INFO] [database] ï¿½ï¿½ï¿½Ý¿ï¿½ï¿½ï¿½á¹¹ï¿½ï¿½Ê¼ï¿½ï¿½ï¿½ï¿½ï¿½
[2025-03-31 21:50:08,769] [INFO] [database] ï¿½ï¿½ï¿½Ý¿ï¿½ï¿½ï¿½á¹¹ï¿½ï¿½Ê¼ï¿½ï¿½ï¿½ï¿½ï¿½
[2025-03-31 21:51:05,895] [INFO] [database] ï¿½ï¿½ï¿½Ý¿ï¿½ï¿½ï¿½á¹¹ï¿½ï¿½Ê¼ï¿½ï¿½ï¿½ï¿½ï¿½
[2025-03-31 21:52:49,229] [INFO] [database] ï¿½ï¿½ï¿½Ý¿ï¿½ï¿½ï¿½á¹¹ï¿½ï¿½Ê¼ï¿½ï¿½ï¿½ï¿½ï¿½
[2025-03-31 21:53:17,070] [INFO] [database] ï¿½ï¿½ï¿½Ý¿ï¿½ï¿½ï¿½á¹¹ï¿½ï¿½Ê¼ï¿½ï¿½ï¿½ï¿½ï¿½
[2025-03-31 21:54:46,740] [INFO] [database] ï¿½ï¿½ï¿½Ý¿ï¿½ï¿½ï¿½á¹¹ï¿½ï¿½Ê¼ï¿½ï¿½ï¿½ï¿½ï¿½
[2025-03-31 21:54:49,176] [INFO] [database] ï¿½ï¿½ï¿½Ý¿ï¿½ï¿½ï¿½á¹¹ï¿½ï¿½Ê¼ï¿½ï¿½ï¿½ï¿½ï¿½
[2025-03-31 21:55:56,423] [INFO] [database] ï¿½ï¿½ï¿½Ý¿ï¿½ï¿½ï¿½á¹¹ï¿½ï¿½Ê¼ï¿½ï¿½ï¿½ï¿½ï¿½
[2025-03-31 21:57:17,359] [INFO] [database] ï¿½ï¿½ï¿½Ý¿ï¿½ï¿½ï¿½á¹¹ï¿½ï¿½Ê¼ï¿½ï¿½ï¿½ï¿½ï¿½
[2025-03-31 21:58:07,514] [INFO] [database] ï¿½ï¿½ï¿½Ý¿ï¿½ï¿½ï¿½á¹¹ï¿½ï¿½Ê¼ï¿½ï¿½ï¿½ï¿½ï¿½
[2025-03-31 21:58:09,811] [INFO] [database] ï¿½ï¿½ï¿½Ý¿ï¿½ï¿½ï¿½á¹¹ï¿½ï¿½Ê¼ï¿½ï¿½ï¿½ï¿½ï¿½
[2025-03-31 22:05:49,017] [INFO] [database] ï¿½ï¿½ï¿½Ý¿ï¿½ï¿½ï¿½á¹¹ï¿½ï¿½Ê¼ï¿½ï¿½ï¿½ï¿½ï¿½
[2025-03-31 22:06:59,187] [INFO] [database] ï¿½ï¿½ï¿½Ý¿ï¿½ï¿½ï¿½á¹¹ï¿½ï¿½Ê¼ï¿½ï¿½ï¿½ï¿½ï¿½
[2025-03-31 22:07:41,454] [INFO] [database] ï¿½ï¿½ï¿½Ý¿ï¿½ï¿½ï¿½á¹¹ï¿½ï¿½Ê¼ï¿½ï¿½ï¿½ï¿½ï¿½
[2025-03-31 22:12:04,461] [INFO] [database] ï¿½ï¿½ï¿½Ý¿ï¿½ï¿½ï¿½á¹¹ï¿½ï¿½Ê¼ï¿½ï¿½ï¿½ï¿½ï¿½
[2025-03-31 22:12:08,975] [INFO] [database] ï¿½ï¿½ï¿½Ý¿ï¿½ï¿½ï¿½á¹¹ï¿½ï¿½Ê¼ï¿½ï¿½ï¿½ï¿½ï¿½
[2025-03-31 22:16:04,453] [INFO] [database] ï¿½ï¿½ï¿½Ý¿ï¿½ï¿½ï¿½á¹¹ï¿½ï¿½Ê¼ï¿½ï¿½ï¿½ï¿½ï¿½
[2025-03-31 22:16:06,108] [INFO] [database] ï¿½ï¿½ï¿½Ý¿ï¿½ï¿½ï¿½á¹¹ï¿½ï¿½Ê¼ï¿½ï¿½ï¿½ï¿½ï¿½
[2025-03-31 22:25:51,333] [INFO] [database] ï¿½ï¿½ï¿½Ý¿ï¿½ï¿½ï¿½á¹¹ï¿½ï¿½Ê¼ï¿½ï¿½ï¿½ï¿½ï¿½
[2025-03-31 22:26:37,836] [INFO] [database] ï¿½ï¿½ï¿½Ý¿ï¿½ï¿½ï¿½á¹¹ï¿½ï¿½Ê¼ï¿½ï¿½ï¿½ï¿½ï¿½
[2025-03-31 22:27:10,985] [INFO] [database] ï¿½ï¿½ï¿½Ý¿ï¿½ï¿½ï¿½á¹¹ï¿½ï¿½Ê¼ï¿½ï¿½ï¿½ï¿½ï¿½
[2025-03-31 22:28:56,860] [INFO] [database] ï¿½ï¿½ï¿½Ý¿ï¿½ï¿½ï¿½á¹¹ï¿½ï¿½Ê¼ï¿½ï¿½ï¿½ï¿½ï¿½
[2025-03-31 22:28:59,205] [INFO] [database] ï¿½ï¿½ï¿½Ý¿ï¿½ï¿½ï¿½á¹¹ï¿½ï¿½Ê¼ï¿½ï¿½ï¿½ï¿½ï¿½
[2025-03-31 22:30:32,273] [INFO] [database] ï¿½ï¿½ï¿½Ý¿ï¿½ï¿½ï¿½á¹¹ï¿½ï¿½Ê¼ï¿½ï¿½ï¿½ï¿½ï¿½
[2025-03-31 22:32:20,781] [INFO] [database] ï¿½ï¿½ï¿½Ý¿ï¿½ï¿½ï¿½á¹¹ï¿½ï¿½Ê¼ï¿½ï¿½ï¿½ï¿½ï¿½
[2025-03-31 22:32:24,008] [INFO] [database] ï¿½ï¿½ï¿½Ý¿ï¿½ï¿½ï¿½á¹¹ï¿½ï¿½Ê¼ï¿½ï¿½ï¿½ï¿½ï¿½
[2025-03-31 22:41:12,849] [INFO] [database] ï¿½ï¿½ï¿½Ý¿ï¿½ï¿½ï¿½á¹¹ï¿½ï¿½Ê¼ï¿½ï¿½ï¿½ï¿½ï¿½
[2025-03-31 22:41:33,396] [INFO] [database] ï¿½ï¿½ï¿½Ý¿ï¿½ï¿½ï¿½á¹¹ï¿½ï¿½Ê¼ï¿½ï¿½ï¿½ï¿½ï¿½
[2025-03-31 22:45:52,497] [INFO] [database] ï¿½ï¿½ï¿½Ý¿ï¿½ï¿½ï¿½á¹¹ï¿½ï¿½Ê¼ï¿½ï¿½ï¿½ï¿½ï¿½
[2025-03-31 22:45:54,280] [INFO] [database] ï¿½ï¿½ï¿½Ý¿ï¿½ï¿½ï¿½á¹¹ï¿½ï¿½Ê¼ï¿½ï¿½ï¿½ï¿½ï¿½
[2025-03-31 22:46:52,129] [INFO] [database] ï¿½ï¿½ï¿½Ý¿ï¿½ï¿½ï¿½á¹¹ï¿½ï¿½Ê¼ï¿½ï¿½ï¿½ï¿½ï¿½
[2025-03-31 22:47:17,822] [INFO] [database] ï¿½ï¿½ï¿½Ý¿ï¿½ï¿½ï¿½á¹¹ï¿½ï¿½Ê¼ï¿½ï¿½ï¿½ï¿½ï¿½
[2025-03-31 22:49:26,967] [INFO] [database] ï¿½ï¿½ï¿½Ý¿ï¿½ï¿½ï¿½á¹¹ï¿½ï¿½Ê¼ï¿½ï¿½ï¿½ï¿½ï¿½
[2025-03-31 22:50:05,999] [INFO] [database] ï¿½ï¿½ï¿½Ý¿ï¿½ï¿½ï¿½á¹¹ï¿½ï¿½Ê¼ï¿½ï¿½ï¿½ï¿½ï¿½
[2025-04-01 00:00:59,892] [INFO] [database] ï¿½ï¿½ï¿½Ý¿ï¿½ï¿½ï¿½á¹¹ï¿½ï¿½Ê¼ï¿½ï¿½ï¿½ï¿½ï¿½
[2025-04-01 00:00:59,935] [INFO] [database] ï¿½ï¿½ï¿½Ý¿ï¿½ï¿½ï¿½á¹¹ï¿½ï¿½Ê¼ï¿½ï¿½ï¿½ï¿½ï¿½
[2025-04-01 00:01:00,007] [INFO] [database] ï¿½ï¿½ï¿½Ý¿ï¿½ï¿½ï¿½á¹¹ï¿½ï¿½Ê¼ï¿½ï¿½ï¿½ï¿½ï¿½
[2025-04-01 00:01:04,270] [INFO] [database] ï¿½ï¿½ï¿½Ý¿ï¿½ï¿½ï¿½á¹¹ï¿½ï¿½Ê¼ï¿½ï¿½ï¿½ï¿½ï¿½
[2025-03-31 16:45:47,045] [INFO] [database] ï¿½ï¿½ï¿½Ý¿ï¿½ï¿½ï¿½á¹¹ï¿½ï¿½Ê¼ï¿½ï¿½ï¿½ï¿½ï¿½
[2025-03-31 16:45:47,146] [INFO] [database] Successfully loaded 1672 rows for sh.600622
[2025-03-31 17:00:02,672] [INFO] [database] ï¿½ï¿½ï¿½Ý¿ï¿½ï¿½ï¿½á¹¹ï¿½ï¿½Ê¼ï¿½ï¿½ï¿½ï¿½ï¿½
[2025-03-31 17:00:04,255] [INFO] [database] ï¿½ï¿½ï¿½Ý¿ï¿½ï¿½ï¿½á¹¹ï¿½ï¿½Ê¼ï¿½ï¿½ï¿½ï¿½ï¿½
[2025-03-31 17:01:23,231] [INFO] [database] ï¿½ï¿½ï¿½Ý¿ï¿½ï¿½ï¿½á¹¹ï¿½ï¿½Ê¼ï¿½ï¿½ï¿½ï¿½ï¿½
[2025-03-31 17:01:25,727] [INFO] [database] ï¿½ï¿½ï¿½Ý¿ï¿½ï¿½ï¿½á¹¹ï¿½ï¿½Ê¼ï¿½ï¿½ï¿½ï¿½ï¿½
[2025-03-31 17:02:06,954] [INFO] [database] ï¿½ï¿½ï¿½Ý¿ï¿½ï¿½ï¿½á¹¹ï¿½ï¿½Ê¼ï¿½ï¿½ï¿½ï¿½ï¿½
[2025-03-31 17:02:08,448] [INFO] [database] ï¿½ï¿½ï¿½Ý¿ï¿½ï¿½ï¿½á¹¹ï¿½ï¿½Ê¼ï¿½ï¿½ï¿½ï¿½ï¿½
[2025-03-31 17:04:02,349] [INFO] [database] ï¿½ï¿½ï¿½Ý¿ï¿½ï¿½ï¿½á¹¹ï¿½ï¿½Ê¼ï¿½ï¿½ï¿½ï¿½ï¿½
[2025-03-31 17:04:05,012] [INFO] [database] ï¿½ï¿½ï¿½Ý¿ï¿½ï¿½ï¿½á¹¹ï¿½ï¿½Ê¼ï¿½ï¿½ï¿½ï¿½ï¿½
[2025-03-31 17:04:24,001] [INFO] [database] ï¿½ï¿½ï¿½Ý¿ï¿½ï¿½ï¿½á¹¹ï¿½ï¿½Ê¼ï¿½ï¿½ï¿½ï¿½ï¿½
[2025-03-31 17:04:25,899] [INFO] [database] ï¿½ï¿½ï¿½Ý¿ï¿½ï¿½ï¿½á¹¹ï¿½ï¿½Ê¼ï¿½ï¿½ï¿½ï¿½ï¿½
[2025-03-31 17:06:19,957] [INFO] [database] ï¿½ï¿½ï¿½Ý¿ï¿½ï¿½ï¿½á¹¹ï¿½ï¿½Ê¼ï¿½ï¿½ï¿½ï¿½ï¿½
[2025-03-31 17:06:22,496] [INFO] [database] ï¿½ï¿½ï¿½Ý¿ï¿½ï¿½ï¿½á¹¹ï¿½ï¿½Ê¼ï¿½ï¿½ï¿½ï¿½ï¿½
[2025-03-31 17:07:30,065] [INFO] [database] ï¿½ï¿½ï¿½Ý¿ï¿½ï¿½ï¿½á¹¹ï¿½ï¿½Ê¼ï¿½ï¿½ï¿½ï¿½ï¿½
[2025-03-31 17:07:32,258] [INFO] [database] ï¿½ï¿½ï¿½Ý¿ï¿½ï¿½ï¿½á¹¹ï¿½ï¿½Ê¼ï¿½ï¿½ï¿½ï¿½ï¿½
[2025-03-31 17:08:18,106] [INFO] [database] ï¿½ï¿½ï¿½Ý¿ï¿½ï¿½ï¿½á¹¹ï¿½ï¿½Ê¼ï¿½ï¿½ï¿½ï¿½ï¿½
[2025-03-31 17:08:19,864] [INFO] [database] ï¿½ï¿½ï¿½Ý¿ï¿½ï¿½ï¿½á¹¹ï¿½ï¿½Ê¼ï¿½ï¿½ï¿½ï¿½ï¿½
[2025-03-31 17:09:57,869] [INFO] [database] ï¿½ï¿½ï¿½Ý¿ï¿½ï¿½ï¿½á¹¹ï¿½ï¿½Ê¼ï¿½ï¿½ï¿½ï¿½ï¿½
[2025-03-31 17:10:04,496] [INFO] [database] ï¿½ï¿½ï¿½Ý¿ï¿½ï¿½ï¿½á¹¹ï¿½ï¿½Ê¼ï¿½ï¿½ï¿½ï¿½ï¿½
[2025-03-31 17:18:03,416] [INFO] [database] ï¿½ï¿½ï¿½Ý¿ï¿½ï¿½ï¿½á¹¹ï¿½ï¿½Ê¼ï¿½ï¿½ï¿½ï¿½ï¿½
[2025-03-31 17:18:06,648] [INFO] [database] ï¿½ï¿½ï¿½Ý¿ï¿½ï¿½ï¿½á¹¹ï¿½ï¿½Ê¼ï¿½ï¿½ï¿½ï¿½ï¿½
[2025-03-31 17:19:06,575] [INFO] [database] ï¿½ï¿½ï¿½Ý¿ï¿½ï¿½ï¿½á¹¹ï¿½ï¿½Ê¼ï¿½ï¿½ï¿½ï¿½ï¿½
[2025-03-31 17:19:08,628] [INFO] [database] ï¿½ï¿½ï¿½Ý¿ï¿½ï¿½ï¿½á¹¹ï¿½ï¿½Ê¼ï¿½ï¿½ï¿½ï¿½ï¿½
[2025-03-31 17:19:48,480] [INFO] [database] ï¿½ï¿½ï¿½Ý¿ï¿½ï¿½ï¿½á¹¹ï¿½ï¿½Ê¼ï¿½ï¿½ï¿½ï¿½ï¿½
[2025-03-31 17:19:50,413] [INFO] [database] ï¿½ï¿½ï¿½Ý¿ï¿½ï¿½ï¿½á¹¹ï¿½ï¿½Ê¼ï¿½ï¿½ï¿½ï¿½ï¿½
[2025-03-31 17:20:40,010] [INFO] [database] ï¿½ï¿½ï¿½Ý¿ï¿½ï¿½ï¿½á¹¹ï¿½ï¿½Ê¼ï¿½ï¿½ï¿½ï¿½ï¿½
[2025-03-31 17:20:42,432] [INFO] [database] ï¿½ï¿½ï¿½Ý¿ï¿½ï¿½ï¿½á¹¹ï¿½ï¿½Ê¼ï¿½ï¿½ï¿½ï¿½ï¿½
[2025-03-31 17:21:28,904] [INFO] [database] ï¿½ï¿½ï¿½Ý¿ï¿½ï¿½ï¿½á¹¹ï¿½ï¿½Ê¼ï¿½ï¿½ï¿½ï¿½ï¿½
[2025-03-31 17:21:31,043] [INFO] [database] ï¿½ï¿½ï¿½Ý¿ï¿½ï¿½ï¿½á¹¹ï¿½ï¿½Ê¼ï¿½ï¿½ï¿½ï¿½ï¿½
[2025-03-31 17:21:48,065] [INFO] [database] ï¿½ï¿½ï¿½Ý¿ï¿½ï¿½ï¿½á¹¹ï¿½ï¿½Ê¼ï¿½ï¿½ï¿½ï¿½ï¿½
[2025-03-31 17:21:50,163] [INFO] [database] ï¿½ï¿½ï¿½Ý¿ï¿½ï¿½ï¿½á¹¹ï¿½ï¿½Ê¼ï¿½ï¿½ï¿½ï¿½ï¿½
[2025-03-31 17:22:31,525] [INFO] [database] ï¿½ï¿½ï¿½Ý¿ï¿½ï¿½ï¿½á¹¹ï¿½ï¿½Ê¼ï¿½ï¿½ï¿½ï¿½ï¿½
[2025-03-31 17:22:34,148] [INFO] [database] ï¿½ï¿½ï¿½Ý¿ï¿½ï¿½ï¿½á¹¹ï¿½ï¿½Ê¼ï¿½ï¿½ï¿½ï¿½ï¿½
[2025-03-31 17:24:08,967] [INFO] [database] ï¿½ï¿½ï¿½Ý¿ï¿½ï¿½ï¿½á¹¹ï¿½ï¿½Ê¼ï¿½ï¿½ï¿½ï¿½ï¿½
[2025-03-31 17:24:11,054] [INFO] [database] ï¿½ï¿½ï¿½Ý¿ï¿½ï¿½ï¿½á¹¹ï¿½ï¿½Ê¼ï¿½ï¿½ï¿½ï¿½ï¿½
[2025-03-31 17:26:05,652] [INFO] [database] ï¿½ï¿½ï¿½Ý¿ï¿½ï¿½ï¿½á¹¹ï¿½ï¿½Ê¼ï¿½ï¿½ï¿½ï¿½ï¿½
[2025-03-31 17:26:08,687] [INFO] [database] ï¿½ï¿½ï¿½Ý¿ï¿½ï¿½ï¿½á¹¹ï¿½ï¿½Ê¼ï¿½ï¿½ï¿½ï¿½ï¿½
[2025-03-31 18:04:08,970] [INFO] [database] ï¿½ï¿½ï¿½Ý¿ï¿½ï¿½ï¿½á¹¹ï¿½ï¿½Ê¼ï¿½ï¿½ï¿½ï¿½ï¿½
[2025-03-31 18:04:09,005] [INFO] [database] ï¿½ï¿½ï¿½Ý¿ï¿½ï¿½ï¿½á¹¹ï¿½ï¿½Ê¼ï¿½ï¿½ï¿½ï¿½ï¿½
[2025-03-31 18:04:09,071] [INFO] [database] ï¿½ï¿½ï¿½Ý¿ï¿½ï¿½ï¿½á¹¹ï¿½ï¿½Ê¼ï¿½ï¿½ï¿½ï¿½ï¿½
[2025-03-31 18:04:13,490] [INFO] [database] ï¿½ï¿½ï¿½Ý¿ï¿½ï¿½ï¿½á¹¹ï¿½ï¿½Ê¼ï¿½ï¿½ï¿½ï¿½ï¿½
[2025-03-31 18:04:16,914] [INFO] [database] ï¿½ï¿½ï¿½Ý¿ï¿½ï¿½ï¿½á¹¹ï¿½ï¿½Ê¼ï¿½ï¿½ï¿½ï¿½ï¿½
[2025-03-31 18:04:19,109] [INFO] [database] ï¿½ï¿½ï¿½Ý¿ï¿½ï¿½ï¿½á¹¹ï¿½ï¿½Ê¼ï¿½ï¿½ï¿½ï¿½ï¿½
[2025-03-31 18:04:20,474] [INFO] [database] ï¿½ï¿½ï¿½Ý¿ï¿½ï¿½ï¿½á¹¹ï¿½ï¿½Ê¼ï¿½ï¿½ï¿½ï¿½ï¿½
[2025-03-31 18:05:42,504] [INFO] [database] ï¿½ï¿½ï¿½Ý¿ï¿½ï¿½ï¿½á¹¹ï¿½ï¿½Ê¼ï¿½ï¿½ï¿½ï¿½ï¿½
[2025-03-31 18:05:44,187] [INFO] [database] ï¿½ï¿½ï¿½Ý¿ï¿½ï¿½ï¿½á¹¹ï¿½ï¿½Ê¼ï¿½ï¿½ï¿½ï¿½ï¿½
[2025-03-31 18:06:34,608] [INFO] [database] ï¿½ï¿½ï¿½Ý¿ï¿½ï¿½ï¿½á¹¹ï¿½ï¿½Ê¼ï¿½ï¿½ï¿½ï¿½ï¿½
[2025-03-31 18:06:36,467] [INFO] [database] ï¿½ï¿½ï¿½Ý¿ï¿½ï¿½ï¿½á¹¹ï¿½ï¿½Ê¼ï¿½ï¿½ï¿½ï¿½ï¿½
[2025-03-31 18:13:17,301] [INFO] [database] ï¿½ï¿½ï¿½Ý¿ï¿½ï¿½ï¿½á¹¹ï¿½ï¿½Ê¼ï¿½ï¿½ï¿½ï¿½ï¿½
[2025-03-31 18:13:18,895] [INFO] [database] ï¿½ï¿½ï¿½Ý¿ï¿½ï¿½ï¿½á¹¹ï¿½ï¿½Ê¼ï¿½ï¿½ï¿½ï¿½ï¿½
[2025-03-31 18:15:50,708] [INFO] [database] ï¿½ï¿½ï¿½Ý¿ï¿½ï¿½ï¿½á¹¹ï¿½ï¿½Ê¼ï¿½ï¿½ï¿½ï¿½ï¿½
[2025-03-31 18:15:52,225] [INFO] [database] ï¿½ï¿½ï¿½Ý¿ï¿½ï¿½ï¿½á¹¹ï¿½ï¿½Ê¼ï¿½ï¿½ï¿½ï¿½ï¿½
[2025-03-31 18:16:20,713] [INFO] [database] ï¿½ï¿½ï¿½Ý¿ï¿½ï¿½ï¿½á¹¹ï¿½ï¿½Ê¼ï¿½ï¿½ï¿½ï¿½ï¿½
[2025-03-31 18:16:23,237] [INFO] [database] ï¿½ï¿½ï¿½Ý¿ï¿½ï¿½ï¿½á¹¹ï¿½ï¿½Ê¼ï¿½ï¿½ï¿½ï¿½ï¿½
[2025-03-31 18:24:22,007] [INFO] [database] ï¿½ï¿½ï¿½Ý¿ï¿½ï¿½ï¿½á¹¹ï¿½ï¿½Ê¼ï¿½ï¿½ï¿½ï¿½ï¿½
[2025-03-31 18:24:24,878] [INFO] [database] ï¿½ï¿½ï¿½Ý¿ï¿½ï¿½ï¿½á¹¹ï¿½ï¿½Ê¼ï¿½ï¿½ï¿½ï¿½ï¿½
[2025-03-31 18:25:25,491] [INFO] [database] ï¿½ï¿½ï¿½Ý¿ï¿½ï¿½ï¿½á¹¹ï¿½ï¿½Ê¼ï¿½ï¿½ï¿½ï¿½ï¿½
[2025-03-31 18:25:27,274] [INFO] [database] ï¿½ï¿½ï¿½Ý¿ï¿½ï¿½ï¿½á¹¹ï¿½ï¿½Ê¼ï¿½ï¿½ï¿½ï¿½ï¿½
[2025-03-31 18:27:02,997] [INFO] [database] ï¿½ï¿½ï¿½Ý¿ï¿½ï¿½ï¿½á¹¹ï¿½ï¿½Ê¼ï¿½ï¿½ï¿½ï¿½ï¿½
[2025-03-31 18:27:07,554] [INFO] [database] ï¿½ï¿½ï¿½Ý¿ï¿½ï¿½ï¿½á¹¹ï¿½ï¿½Ê¼ï¿½ï¿½ï¿½ï¿½ï¿½
[2025-03-31 18:27:39,128] [INFO] [database] ï¿½ï¿½ï¿½Ý¿ï¿½ï¿½ï¿½á¹¹ï¿½ï¿½Ê¼ï¿½ï¿½ï¿½ï¿½ï¿½
[2025-03-31 18:27:42,082] [INFO] [database] ï¿½ï¿½ï¿½Ý¿ï¿½ï¿½ï¿½á¹¹ï¿½ï¿½Ê¼ï¿½ï¿½ï¿½ï¿½ï¿½
[2025-03-31 18:27:46,681] [INFO] [database] ï¿½ï¿½ï¿½Ý¿ï¿½ï¿½ï¿½á¹¹ï¿½ï¿½Ê¼ï¿½ï¿½ï¿½ï¿½ï¿½
[2025-03-31 18:29:51,122] [INFO] [database] ï¿½ï¿½ï¿½Ý¿ï¿½ï¿½ï¿½á¹¹ï¿½ï¿½Ê¼ï¿½ï¿½ï¿½ï¿½ï¿½
[2025-03-31 18:31:22,637] [INFO] [database] ï¿½ï¿½ï¿½Ý¿ï¿½ï¿½ï¿½á¹¹ï¿½ï¿½Ê¼ï¿½ï¿½ï¿½ï¿½ï¿½
[2025-03-31 18:31:22,685] [INFO] [database] ï¿½ï¿½ï¿½Ý¿ï¿½ï¿½ï¿½á¹¹ï¿½ï¿½Ê¼ï¿½ï¿½ï¿½ï¿½ï¿½
[2025-03-31 18:31:22,755] [INFO] [database] ï¿½ï¿½ï¿½Ý¿ï¿½ï¿½ï¿½á¹¹ï¿½ï¿½Ê¼ï¿½ï¿½ï¿½ï¿½ï¿½
[2025-03-31 18:31:27,227] [INFO] [database] ï¿½ï¿½ï¿½Ý¿ï¿½ï¿½ï¿½á¹¹ï¿½ï¿½Ê¼ï¿½ï¿½ï¿½ï¿½ï¿½
[2025-03-31 18:31:30,612] [INFO] [database] ï¿½ï¿½ï¿½Ý¿ï¿½ï¿½ï¿½á¹¹ï¿½ï¿½Ê¼ï¿½ï¿½ï¿½ï¿½ï¿½
[2025-03-31 18:31:33,336] [INFO] [database] ï¿½ï¿½ï¿½Ý¿ï¿½ï¿½ï¿½á¹¹ï¿½ï¿½Ê¼ï¿½ï¿½ï¿½ï¿½ï¿½
[2025-03-31 18:54:46,196] [INFO] [database] ï¿½ï¿½ï¿½Ý¿ï¿½ï¿½ï¿½á¹¹ï¿½ï¿½Ê¼ï¿½ï¿½ï¿½ï¿½ï¿½
[2025-03-31 18:54:59,300] [INFO] [database] ï¿½ï¿½ï¿½Ý¿ï¿½ï¿½ï¿½á¹¹ï¿½ï¿½Ê¼ï¿½ï¿½ï¿½ï¿½ï¿½
[2025-03-31 19:01:15,061] [INFO] [database] ï¿½ï¿½ï¿½Ý¿ï¿½ï¿½ï¿½á¹¹ï¿½ï¿½Ê¼ï¿½ï¿½ï¿½ï¿½ï¿½
[2025-03-31 20:58:47,414] [INFO] [database] ï¿½ï¿½ï¿½Ý¿ï¿½ï¿½ï¿½á¹¹ï¿½ï¿½Ê¼ï¿½ï¿½ï¿½ï¿½ï¿½
[2025-03-31 20:58:47,464] [INFO] [database] ï¿½ï¿½ï¿½Ý¿ï¿½ï¿½ï¿½á¹¹ï¿½ï¿½Ê¼ï¿½ï¿½ï¿½ï¿½ï¿½
[2025-03-31 20:58:47,546] [INFO] [database] ï¿½ï¿½ï¿½Ý¿ï¿½ï¿½ï¿½á¹¹ï¿½ï¿½Ê¼ï¿½ï¿½ï¿½ï¿½ï¿½
[2025-03-31 20:58:54,692] [INFO] [database] ï¿½ï¿½ï¿½Ý¿ï¿½ï¿½ï¿½á¹¹ï¿½ï¿½Ê¼ï¿½ï¿½ï¿½ï¿½ï¿½
[2025-03-31 20:58:58,396] [INFO] [database] ï¿½ï¿½ï¿½Ý¿ï¿½ï¿½ï¿½á¹¹ï¿½ï¿½Ê¼ï¿½ï¿½ï¿½ï¿½ï¿½
[2025-03-31 20:59:00,651] [INFO] [database] ï¿½ï¿½ï¿½Ý¿ï¿½ï¿½ï¿½á¹¹ï¿½ï¿½Ê¼ï¿½ï¿½ï¿½ï¿½ï¿½
[2025-03-31 20:59:03,017] [INFO] [database] ï¿½ï¿½ï¿½Ý¿ï¿½ï¿½ï¿½á¹¹ï¿½ï¿½Ê¼ï¿½ï¿½ï¿½ï¿½ï¿½
[2025-03-31 21:09:32,196] [INFO] [database] ï¿½ï¿½ï¿½Ý¿ï¿½ï¿½ï¿½á¹¹ï¿½ï¿½Ê¼ï¿½ï¿½ï¿½ï¿½ï¿½
[2025-03-31 21:09:38,623] [INFO] [database] ï¿½ï¿½ï¿½Ý¿ï¿½ï¿½ï¿½á¹¹ï¿½ï¿½Ê¼ï¿½ï¿½ï¿½ï¿½ï¿½
[2025-03-31 21:09:41,632] [INFO] [database] ï¿½ï¿½ï¿½Ý¿ï¿½ï¿½ï¿½á¹¹ï¿½ï¿½Ê¼ï¿½ï¿½ï¿½ï¿½ï¿½
[2025-03-31 21:09:44,302] [INFO] [database] ï¿½ï¿½ï¿½Ý¿ï¿½ï¿½ï¿½á¹¹ï¿½ï¿½Ê¼ï¿½ï¿½ï¿½ï¿½ï¿½
[2025-03-31 21:09:45,831] [INFO] [database] ï¿½ï¿½ï¿½Ý¿ï¿½ï¿½ï¿½á¹¹ï¿½ï¿½Ê¼ï¿½ï¿½ï¿½ï¿½ï¿½
[2025-03-31 21:09:46,684] [INFO] [database] ï¿½ï¿½ï¿½Ý¿ï¿½ï¿½ï¿½á¹¹ï¿½ï¿½Ê¼ï¿½ï¿½ï¿½ï¿½ï¿½
[2025-03-31 21:11:57,560] [INFO] [database] ï¿½ï¿½ï¿½Ý¿ï¿½ï¿½ï¿½á¹¹ï¿½ï¿½Ê¼ï¿½ï¿½ï¿½ï¿½ï¿½
[2025-03-31 21:11:58,727] [INFO] [database] ï¿½ï¿½ï¿½Ý¿ï¿½ï¿½ï¿½á¹¹ï¿½ï¿½Ê¼ï¿½ï¿½ï¿½ï¿½ï¿½
[2025-03-31 21:15:49,091] [INFO] [database] ï¿½ï¿½ï¿½Ý¿ï¿½ï¿½ï¿½á¹¹ï¿½ï¿½Ê¼ï¿½ï¿½ï¿½ï¿½ï¿½
[2025-03-31 21:15:50,777] [INFO] [database] ï¿½ï¿½ï¿½Ý¿ï¿½ï¿½ï¿½á¹¹ï¿½ï¿½Ê¼ï¿½ï¿½ï¿½ï¿½ï¿½
[2025-03-31 21:16:57,635] [INFO] [database] ï¿½ï¿½ï¿½Ý¿ï¿½ï¿½ï¿½á¹¹ï¿½ï¿½Ê¼ï¿½ï¿½ï¿½ï¿½ï¿½
[2025-03-31 21:16:58,706] [INFO] [database] ï¿½ï¿½ï¿½Ý¿ï¿½ï¿½ï¿½á¹¹ï¿½ï¿½Ê¼ï¿½ï¿½ï¿½ï¿½ï¿½
[2025-03-31 21:21:39,585] [INFO] [database] ï¿½ï¿½ï¿½Ý¿ï¿½ï¿½ï¿½á¹¹ï¿½ï¿½Ê¼ï¿½ï¿½ï¿½ï¿½ï¿½
[2025-03-31 21:21:40,917] [INFO] [database] ï¿½ï¿½ï¿½Ý¿ï¿½ï¿½ï¿½á¹¹ï¿½ï¿½Ê¼ï¿½ï¿½ï¿½ï¿½ï¿½
[2025-03-31 21:22:39,824] [INFO] [database] ï¿½ï¿½ï¿½Ý¿ï¿½ï¿½ï¿½á¹¹ï¿½ï¿½Ê¼ï¿½ï¿½ï¿½ï¿½ï¿½
[2025-03-31 21:22:41,042] [INFO] [database] ï¿½ï¿½ï¿½Ý¿ï¿½ï¿½ï¿½á¹¹ï¿½ï¿½Ê¼ï¿½ï¿½ï¿½ï¿½ï¿½
[2025-03-31 21:25:07,136] [INFO] [database] ï¿½ï¿½ï¿½Ý¿ï¿½ï¿½ï¿½á¹¹ï¿½ï¿½Ê¼ï¿½ï¿½ï¿½ï¿½ï¿½
[2025-03-31 21:25:08,330] [INFO] [database] ï¿½ï¿½ï¿½Ý¿ï¿½ï¿½ï¿½á¹¹ï¿½ï¿½Ê¼ï¿½ï¿½ï¿½ï¿½ï¿½
[2025-03-31 21:40:03,611] [INFO] [database] ï¿½ï¿½ï¿½Ý¿ï¿½ï¿½ï¿½á¹¹ï¿½ï¿½Ê¼ï¿½ï¿½ï¿½ï¿½ï¿½
[2025-03-31 21:40:04,694] [INFO] [database] ï¿½ï¿½ï¿½Ý¿ï¿½ï¿½ï¿½á¹¹ï¿½ï¿½Ê¼ï¿½ï¿½ï¿½ï¿½ï¿½
[2025-03-31 21:40:48,008] [INFO] [database] ï¿½ï¿½ï¿½Ý¿ï¿½ï¿½ï¿½á¹¹ï¿½ï¿½Ê¼ï¿½ï¿½ï¿½ï¿½ï¿½
[2025-03-31 21:40:49,020] [INFO] [database] ï¿½ï¿½ï¿½Ý¿ï¿½ï¿½ï¿½á¹¹ï¿½ï¿½Ê¼ï¿½ï¿½ï¿½ï¿½ï¿½
[2025-03-31 21:42:52,373] [INFO] [database] ï¿½ï¿½ï¿½Ý¿ï¿½ï¿½ï¿½á¹¹ï¿½ï¿½Ê¼ï¿½ï¿½ï¿½ï¿½ï¿½
[2025-03-31 21:42:53,721] [INFO] [database] ï¿½ï¿½ï¿½Ý¿ï¿½ï¿½ï¿½á¹¹ï¿½ï¿½Ê¼ï¿½ï¿½ï¿½ï¿½ï¿½
[2025-03-31 21:45:19,613] [INFO] [database] ï¿½ï¿½ï¿½Ý¿ï¿½ï¿½ï¿½á¹¹ï¿½ï¿½Ê¼ï¿½ï¿½ï¿½ï¿½ï¿½
[2025-03-31 21:45:21,085] [INFO] [database] ï¿½ï¿½ï¿½Ý¿ï¿½ï¿½ï¿½á¹¹ï¿½ï¿½Ê¼ï¿½ï¿½ï¿½ï¿½ï¿½
[2025-03-31 21:47:57,576] [INFO] [database] ï¿½ï¿½ï¿½Ý¿ï¿½ï¿½ï¿½á¹¹ï¿½ï¿½Ê¼ï¿½ï¿½ï¿½ï¿½ï¿½
[2025-03-31 21:50:08,769] [INFO] [database] ï¿½ï¿½ï¿½Ý¿ï¿½ï¿½ï¿½á¹¹ï¿½ï¿½Ê¼ï¿½ï¿½ï¿½ï¿½ï¿½
[2025-03-31 21:51:05,895] [INFO] [database] ï¿½ï¿½ï¿½Ý¿ï¿½ï¿½ï¿½á¹¹ï¿½ï¿½Ê¼ï¿½ï¿½ï¿½ï¿½ï¿½
[2025-03-31 21:52:49,229] [INFO] [database] ï¿½ï¿½ï¿½Ý¿ï¿½ï¿½ï¿½á¹¹ï¿½ï¿½Ê¼ï¿½ï¿½ï¿½ï¿½ï¿½
[2025-03-31 21:53:17,070] [INFO] [database] ï¿½ï¿½ï¿½Ý¿ï¿½ï¿½ï¿½á¹¹ï¿½ï¿½Ê¼ï¿½ï¿½ï¿½ï¿½ï¿½
[2025-03-31 21:54:46,740] [INFO] [database] ï¿½ï¿½ï¿½Ý¿ï¿½ï¿½ï¿½á¹¹ï¿½ï¿½Ê¼ï¿½ï¿½ï¿½ï¿½ï¿½
[2025-03-31 21:54:49,176] [INFO] [database] ï¿½ï¿½ï¿½Ý¿ï¿½ï¿½ï¿½á¹¹ï¿½ï¿½Ê¼ï¿½ï¿½ï¿½ï¿½ï¿½
[2025-03-31 21:55:56,423] [INFO] [database] ï¿½ï¿½ï¿½Ý¿ï¿½ï¿½ï¿½á¹¹ï¿½ï¿½Ê¼ï¿½ï¿½ï¿½ï¿½ï¿½
[2025-03-31 21:57:17,359] [INFO] [database] ï¿½ï¿½ï¿½Ý¿ï¿½ï¿½ï¿½á¹¹ï¿½ï¿½Ê¼ï¿½ï¿½ï¿½ï¿½ï¿½
[2025-03-31 21:58:07,514] [INFO] [database] ï¿½ï¿½ï¿½Ý¿ï¿½ï¿½ï¿½á¹¹ï¿½ï¿½Ê¼ï¿½ï¿½ï¿½ï¿½ï¿½
[2025-03-31 21:58:09,811] [INFO] [database] ï¿½ï¿½ï¿½Ý¿ï¿½ï¿½ï¿½á¹¹ï¿½ï¿½Ê¼ï¿½ï¿½ï¿½ï¿½ï¿½
[2025-03-31 22:05:49,017] [INFO] [database] ï¿½ï¿½ï¿½Ý¿ï¿½ï¿½ï¿½á¹¹ï¿½ï¿½Ê¼ï¿½ï¿½ï¿½ï¿½ï¿½
[2025-03-31 22:06:59,187] [INFO] [database] ï¿½ï¿½ï¿½Ý¿ï¿½ï¿½ï¿½á¹¹ï¿½ï¿½Ê¼ï¿½ï¿½ï¿½ï¿½ï¿½
[2025-03-31 22:07:41,454] [INFO] [database] ï¿½ï¿½ï¿½Ý¿ï¿½ï¿½ï¿½á¹¹ï¿½ï¿½Ê¼ï¿½ï¿½ï¿½ï¿½ï¿½
[2025-03-31 22:12:04,461] [INFO] [database] ï¿½ï¿½ï¿½Ý¿ï¿½ï¿½ï¿½á¹¹ï¿½ï¿½Ê¼ï¿½ï¿½ï¿½ï¿½ï¿½
[2025-03-31 22:12:08,975] [INFO] [database] ï¿½ï¿½ï¿½Ý¿ï¿½ï¿½ï¿½á¹¹ï¿½ï¿½Ê¼ï¿½ï¿½ï¿½ï¿½ï¿½
[2025-03-31 22:16:04,453] [INFO] [database] ï¿½ï¿½ï¿½Ý¿ï¿½ï¿½ï¿½á¹¹ï¿½ï¿½Ê¼ï¿½ï¿½ï¿½ï¿½ï¿½
[2025-03-31 22:16:06,108] [INFO] [database] ï¿½ï¿½ï¿½Ý¿ï¿½ï¿½ï¿½á¹¹ï¿½ï¿½Ê¼ï¿½ï¿½ï¿½ï¿½ï¿½
[2025-03-31 22:25:51,333] [INFO] [database] ï¿½ï¿½ï¿½Ý¿ï¿½ï¿½ï¿½á¹¹ï¿½ï¿½Ê¼ï¿½ï¿½ï¿½ï¿½ï¿½
[2025-03-31 22:26:37,836] [INFO] [database] ï¿½ï¿½ï¿½Ý¿ï¿½ï¿½ï¿½á¹¹ï¿½ï¿½Ê¼ï¿½ï¿½ï¿½ï¿½ï¿½
[2025-03-31 22:27:10,985] [INFO] [database] ï¿½ï¿½ï¿½Ý¿ï¿½ï¿½ï¿½á¹¹ï¿½ï¿½Ê¼ï¿½ï¿½ï¿½ï¿½ï¿½
[2025-03-31 22:28:56,860] [INFO] [database] ï¿½ï¿½ï¿½Ý¿ï¿½ï¿½ï¿½á¹¹ï¿½ï¿½Ê¼ï¿½ï¿½ï¿½ï¿½ï¿½
[2025-03-31 22:28:59,205] [INFO] [database] ï¿½ï¿½ï¿½Ý¿ï¿½ï¿½ï¿½á¹¹ï¿½ï¿½Ê¼ï¿½ï¿½ï¿½ï¿½ï¿½
[2025-03-31 22:30:32,273] [INFO] [database] ï¿½ï¿½ï¿½Ý¿ï¿½ï¿½ï¿½á¹¹ï¿½ï¿½Ê¼ï¿½ï¿½ï¿½ï¿½ï¿½
[2025-03-31 22:32:20,781] [INFO] [database] ï¿½ï¿½ï¿½Ý¿ï¿½ï¿½ï¿½á¹¹ï¿½ï¿½Ê¼ï¿½ï¿½ï¿½ï¿½ï¿½
[2025-03-31 22:32:24,008] [INFO] [database] ï¿½ï¿½ï¿½Ý¿ï¿½ï¿½ï¿½á¹¹ï¿½ï¿½Ê¼ï¿½ï¿½ï¿½ï¿½ï¿½
[2025-03-31 22:41:12,849] [INFO] [database] ï¿½ï¿½ï¿½Ý¿ï¿½ï¿½ï¿½á¹¹ï¿½ï¿½Ê¼ï¿½ï¿½ï¿½ï¿½ï¿½
[2025-03-31 22:41:33,396] [INFO] [database] ï¿½ï¿½ï¿½Ý¿ï¿½ï¿½ï¿½á¹¹ï¿½ï¿½Ê¼ï¿½ï¿½ï¿½ï¿½ï¿½
[2025-03-31 22:45:52,497] [INFO] [database] ï¿½ï¿½ï¿½Ý¿ï¿½ï¿½ï¿½á¹¹ï¿½ï¿½Ê¼ï¿½ï¿½ï¿½ï¿½ï¿½
[2025-03-31 22:45:54,280] [INFO] [database] ï¿½ï¿½ï¿½Ý¿ï¿½ï¿½ï¿½á¹¹ï¿½ï¿½Ê¼ï¿½ï¿½ï¿½ï¿½ï¿½
[2025-03-31 22:46:52,129] [INFO] [database] ï¿½ï¿½ï¿½Ý¿ï¿½ï¿½ï¿½á¹¹ï¿½ï¿½Ê¼ï¿½ï¿½ï¿½ï¿½ï¿½
[2025-03-31 22:47:17,822] [INFO] [database] ï¿½ï¿½ï¿½Ý¿ï¿½ï¿½ï¿½á¹¹ï¿½ï¿½Ê¼ï¿½ï¿½ï¿½ï¿½ï¿½
[2025-03-31 22:49:26,967] [INFO] [database] ï¿½ï¿½ï¿½Ý¿ï¿½ï¿½ï¿½á¹¹ï¿½ï¿½Ê¼ï¿½ï¿½ï¿½ï¿½ï¿½
[2025-03-31 22:50:05,999] [INFO] [database] ï¿½ï¿½ï¿½Ý¿ï¿½ï¿½ï¿½á¹¹ï¿½ï¿½Ê¼ï¿½ï¿½ï¿½ï¿½ï¿½
[2025-04-01 00:00:59,892] [INFO] [database] ï¿½ï¿½ï¿½Ý¿ï¿½ï¿½ï¿½á¹¹ï¿½ï¿½Ê¼ï¿½ï¿½ï¿½ï¿½ï¿½
[2025-04-01 00:00:59,935] [INFO] [database] ï¿½ï¿½ï¿½Ý¿ï¿½ï¿½ï¿½á¹¹ï¿½ï¿½Ê¼ï¿½ï¿½ï¿½ï¿½ï¿½
[2025-04-01 00:01:00,007] [INFO] [database] ï¿½ï¿½ï¿½Ý¿ï¿½ï¿½ï¿½á¹¹ï¿½ï¿½Ê¼ï¿½ï¿½ï¿½ï¿½ï¿½
[2025-04-01 00:01:04,270] [INFO] [database] ï¿½ï¿½ï¿½Ý¿ï¿½ï¿½ï¿½á¹¹ï¿½ï¿½Ê¼ï¿½ï¿½ï¿½ï¿½ï¿½
[2025-04-01 00:01:06,181] [INFO] [database] ï¿½ï¿½ï¿½Ý¿ï¿½ï¿½ï¿½á¹¹ï¿½ï¿½Ê¼ï¿½ï¿½ï¿½ï¿½ï¿½
[2025-04-01 00:37:19,404] [INFO] [database] ï¿½ï¿½ï¿½Ý¿ï¿½ï¿½ï¿½á¹¹ï¿½ï¿½Ê¼ï¿½ï¿½ï¿½ï¿½ï¿½
[2025-04-01 00:37:24,983] [INFO] [database] ï¿½ï¿½ï¿½Ý¿ï¿½ï¿½ï¿½á¹¹ï¿½ï¿½Ê¼ï¿½ï¿½ï¿½ï¿½ï¿½
[2025-04-01 00:37:25,939] [INFO] [database] ï¿½ï¿½ï¿½Ý¿ï¿½ï¿½ï¿½á¹¹ï¿½ï¿½Ê¼ï¿½ï¿½ï¿½ï¿½ï¿½
[2025-04-01 01:33:43,392] [INFO] [database] ï¿½ï¿½ï¿½Ý¿ï¿½ï¿½ï¿½á¹¹ï¿½ï¿½Ê¼ï¿½ï¿½ï¿½ï¿½ï¿½
[2025-04-01 01:33:44,789] [INFO] [database] ï¿½ï¿½ï¿½Ý¿ï¿½ï¿½ï¿½á¹¹ï¿½ï¿½Ê¼ï¿½ï¿½ï¿½ï¿½ï¿½
[2025-04-01 02:18:55,721] [INFO] [database] ï¿½ï¿½ï¿½Ý¿ï¿½ï¿½ï¿½á¹¹ï¿½ï¿½Ê¼ï¿½ï¿½ï¿½ï¿½ï¿½
[2025-04-01 02:19:49,105] [INFO] [database] ï¿½ï¿½ï¿½Ý¿ï¿½ï¿½ï¿½á¹¹ï¿½ï¿½Ê¼ï¿½ï¿½ï¿½ï¿½ï¿½
[2025-04-01 02:23:16,156] [INFO] [database] ï¿½ï¿½ï¿½Ý¿ï¿½ï¿½ï¿½á¹¹ï¿½ï¿½Ê¼ï¿½ï¿½ï¿½ï¿½ï¿½
[2025-04-01 02:43:04,165] [INFO] [database] ï¿½ï¿½ï¿½Ý¿ï¿½ï¿½ï¿½á¹¹ï¿½ï¿½Ê¼ï¿½ï¿½ï¿½ï¿½ï¿½
[2025-04-01 02:43:05,524] [INFO] [database] ï¿½ï¿½ï¿½Ý¿ï¿½ï¿½ï¿½á¹¹ï¿½ï¿½Ê¼ï¿½ï¿½ï¿½ï¿½ï¿½
[2025-04-01 20:16:34,817] [INFO] [database] ï¿½ï¿½ï¿½Ý¿ï¿½ï¿½ï¿½á¹¹ï¿½ï¿½Ê¼ï¿½ï¿½ï¿½ï¿½ï¿½
[2025-04-01 20:16:34,865] [INFO] [database] ï¿½ï¿½ï¿½Ý¿ï¿½ï¿½ï¿½á¹¹ï¿½ï¿½Ê¼ï¿½ï¿½ï¿½ï¿½ï¿½
[2025-04-01 20:16:34,942] [INFO] [database] ï¿½ï¿½ï¿½Ý¿ï¿½ï¿½ï¿½á¹¹ï¿½ï¿½Ê¼ï¿½ï¿½ï¿½ï¿½ï¿½
[2025-04-01 20:16:40,406] [INFO] [database] ï¿½ï¿½ï¿½Ý¿ï¿½ï¿½ï¿½á¹¹ï¿½ï¿½Ê¼ï¿½ï¿½ï¿½ï¿½ï¿½
[2025-04-01 20:16:43,715] [INFO] [database] ï¿½ï¿½ï¿½Ý¿ï¿½ï¿½ï¿½á¹¹ï¿½ï¿½Ê¼ï¿½ï¿½ï¿½ï¿½ï¿½
[2025-04-01 20:16:46,125] [INFO] [database] ï¿½ï¿½ï¿½Ý¿ï¿½ï¿½ï¿½á¹¹ï¿½ï¿½Ê¼ï¿½ï¿½ï¿½ï¿½ï¿½
[2025-04-01 20:16:48,203] [INFO] [database] ï¿½ï¿½ï¿½Ý¿ï¿½ï¿½ï¿½á¹¹ï¿½ï¿½Ê¼ï¿½ï¿½ï¿½ï¿½ï¿½
[2025-04-01 20:20:42,947] [INFO] [database] ï¿½ï¿½ï¿½Ý¿ï¿½ï¿½ï¿½á¹¹ï¿½ï¿½Ê¼ï¿½ï¿½ï¿½ï¿½ï¿½
[2025-04-01 20:20:44,152] [INFO] [database] ï¿½ï¿½ï¿½Ý¿ï¿½ï¿½ï¿½á¹¹ï¿½ï¿½Ê¼ï¿½ï¿½ï¿½ï¿½ï¿½
[2025-04-01 22:10:49,021] [INFO] [database] ï¿½ï¿½ï¿½Ý¿ï¿½ï¿½ï¿½á¹¹ï¿½ï¿½Ê¼ï¿½ï¿½ï¿½ï¿½ï¿½
[2025-04-01 22:10:50,578] [INFO] [database] ï¿½ï¿½ï¿½Ý¿ï¿½ï¿½ï¿½á¹¹ï¿½ï¿½Ê¼ï¿½ï¿½ï¿½ï¿½ï¿½
[2025-04-01 22:44:45,701] [INFO] [database] ï¿½ï¿½ï¿½Ý¿ï¿½ï¿½ï¿½á¹¹ï¿½ï¿½Ê¼ï¿½ï¿½ï¿½ï¿½ï¿½
[2025-04-01 22:44:52,673] [INFO] [database] ï¿½ï¿½ï¿½Ý¿ï¿½ï¿½ï¿½á¹¹ï¿½ï¿½Ê¼ï¿½ï¿½ï¿½ï¿½ï¿½
[2025-04-02 01:59:04,855] [INFO] [database] ï¿½ï¿½ï¿½Ý¿ï¿½ï¿½ï¿½á¹¹ï¿½ï¿½Ê¼ï¿½ï¿½ï¿½ï¿½ï¿½
[2025-04-02 01:59:06,282] [INFO] [database] ï¿½ï¿½ï¿½Ý¿ï¿½ï¿½ï¿½á¹¹ï¿½ï¿½Ê¼ï¿½ï¿½ï¿½ï¿½ï¿½
[2025-04-02 02:09:18,519] [INFO] [database] Êý¾Ý¿â±í½á¹¹³õÊ¼»¯Íê³É
[2025-04-02 02:09:22,192] [INFO] [database] Êý¾Ý¿â±í½á¹¹³õÊ¼»¯Íê³É
[2025-04-02 02:23:57,801] [INFO] [database] Êý¾Ý¿â±í½á¹¹³õÊ¼»¯Íê³É
[2025-04-02 02:24:00,112] [INFO] [database] Êý¾Ý¿â±í½á¹¹³õÊ¼»¯Íê³É
[2025-04-02 02:28:57,877] [INFO] [database] Êý¾Ý¿â±í½á¹¹³õÊ¼»¯Íê³É
[2025-04-02 02:28:59,355] [INFO] [database] Êý¾Ý¿â±í½á¹¹³õÊ¼»¯Íê³É
[2025-04-02 02:34:10,843] [INFO] [database] Êý¾Ý¿â±í½á¹¹³õÊ¼»¯Íê³É
[2025-04-02 02:34:12,896] [INFO] [database] Êý¾Ý¿â±í½á¹¹³õÊ¼»¯Íê³É
[2025-04-02 02:34:23,492] [ERROR] [backtesting] ERROR | ´¦ÀíÊÂ¼þÊ§°Ü: 'ScheduleEvent' object has no attribute 'engine'
[2025-04-02 02:34:24,153] [ERROR] [backtesting] ERROR | ´¦ÀíÊÂ¼þÊ§°Ü: 'ScheduleEvent' object has no attribute 'engine'
[2025-04-02 02:34:24,653] [ERROR] [backtesting] ERROR | ´¦ÀíÊÂ¼þÊ§°Ü: 'ScheduleEvent' object has no attribute 'engine'
[2025-04-02 02:34:25,119] [ERROR] [backtesting] ERROR | ´¦ÀíÊÂ¼þÊ§°Ü: 'ScheduleEvent' object has no attribute 'engine'
[2025-04-02 02:39:19,591] [INFO] [database] Êý¾Ý¿â±í½á¹¹³õÊ¼»¯Íê³É
[2025-04-02 02:39:20,568] [INFO] [database] Êý¾Ý¿â±í½á¹¹³õÊ¼»¯Íê³É
[2025-04-02 02:39:30,385] [ERROR] [backtesting] ERROR | ´¦ÀíÊÂ¼þÊ§°Ü: 'ScheduleEvent' object has no attribute 'engine'
[2025-04-02 02:39:31,050] [ERROR] [backtesting] ERROR | ´¦ÀíÊÂ¼þÊ§°Ü: 'ScheduleEvent' object has no attribute 'engine'
[2025-04-02 02:39:31,565] [ERROR] [backtesting] ERROR | ´¦ÀíÊÂ¼þÊ§°Ü: 'ScheduleEvent' object has no attribute 'engine'
[2025-04-02 02:39:32,041] [ERROR] [backtesting] ERROR | ´¦ÀíÊÂ¼þÊ§°Ü: 'ScheduleEvent' object has no attribute 'engine'
[2025-04-02 02:42:25,613] [INFO] [database] Êý¾Ý¿â±í½á¹¹³õÊ¼»¯Íê³É
[2025-04-02 02:42:26,822] [INFO] [database] Êý¾Ý¿â±í½á¹¹³õÊ¼»¯Íê³É
[2025-04-02 02:42:27,385] [ERROR] [backtesting] ERROR | ´¦ÀíÊÂ¼þÊ§°Ü: 'ScheduleEvent' object has no attribute 'engine'
[2025-04-02 02:42:27,996] [ERROR] [backtesting] ERROR | ´¦ÀíÊÂ¼þÊ§°Ü: 'ScheduleEvent' object has no attribute 'engine'
[2025-04-02 02:42:28,446] [ERROR] [backtesting] ERROR | ´¦ÀíÊÂ¼þÊ§°Ü: 'ScheduleEvent' object has no attribute 'engine'
[2025-04-02 02:42:28,903] [ERROR] [backtesting] ERROR | ´¦ÀíÊÂ¼þÊ§°Ü: 'ScheduleEvent' object has no attribute 'engine'
[2025-04-02 02:44:08,826] [INFO] [database] Êý¾Ý¿â±í½á¹¹³õÊ¼»¯Íê³É
[2025-04-02 02:44:10,140] [INFO] [database] Êý¾Ý¿â±í½á¹¹³õÊ¼»¯Íê³É
[2025-04-02 02:44:17,411] [ERROR] [backtesting] ERROR | ´¦ÀíÊÂ¼þÊ§°Ü: 'ScheduleEvent' object has no attribute 'engine'
[2025-04-02 02:44:18,101] [ERROR] [backtesting] ERROR | ´¦ÀíÊÂ¼þÊ§°Ü: 'ScheduleEvent' object has no attribute 'engine'
[2025-04-02 02:44:18,657] [ERROR] [backtesting] ERROR | ´¦ÀíÊÂ¼þÊ§°Ü: 'ScheduleEvent' object has no attribute 'engine'
[2025-04-02 02:44:19,183] [ERROR] [backtesting] ERROR | ´¦ÀíÊÂ¼þÊ§°Ü: 'ScheduleEvent' object has no attribute 'engine'
[2025-04-02 02:46:15,289] [INFO] [database] Êý¾Ý¿â±í½á¹¹³õÊ¼»¯Íê³É
[2025-04-02 02:46:16,417] [INFO] [database] Êý¾Ý¿â±í½á¹¹³õÊ¼»¯Íê³É
[2025-04-02 02:46:19,617] [ERROR] [backtesting] ERROR | ´¦ÀíÊÂ¼þÊ§°Ü: 'ScheduleEvent' object has no attribute 'engine'
[2025-04-02 02:46:20,275] [ERROR] [backtesting] ERROR | ´¦ÀíÊÂ¼þÊ§°Ü: 'ScheduleEvent' object has no attribute 'engine'
[2025-04-02 02:46:20,792] [ERROR] [backtesting] ERROR | ´¦ÀíÊÂ¼þÊ§°Ü: 'ScheduleEvent' object has no attribute 'engine'
[2025-04-02 02:46:21,400] [ERROR] [backtesting] ERROR | ´¦ÀíÊÂ¼þÊ§°Ü: 'ScheduleEvent' object has no attribute 'engine'
[2025-04-02 02:50:12,863] [INFO] [database] Êý¾Ý¿â±í½á¹¹³õÊ¼»¯Íê³É
[2025-04-02 02:50:14,061] [INFO] [database] Êý¾Ý¿â±í½á¹¹³õÊ¼»¯Íê³É
[2025-04-02 02:50:17,719] [ERROR] [backtesting] ERROR | ´¦ÀíÊÂ¼þÊ§°Ü: 'ScheduleEvent' object has no attribute 'engine'
[2025-04-02 02:50:18,579] [ERROR] [backtesting] ERROR | ´¦ÀíÊÂ¼þÊ§°Ü: 'ScheduleEvent' object has no attribute 'engine'
[2025-04-02 02:50:19,178] [ERROR] [backtesting] ERROR | ´¦ÀíÊÂ¼þÊ§°Ü: 'ScheduleEvent' object has no attribute 'engine'
[2025-04-02 02:50:19,768] [ERROR] [backtesting] ERROR | ´¦ÀíÊÂ¼þÊ§°Ü: 'ScheduleEvent' object has no attribute 'engine'
[2025-04-02 02:51:00,727] [INFO] [database] Êý¾Ý¿â±í½á¹¹³õÊ¼»¯Íê³É
[2025-04-02 02:51:01,800] [INFO] [database] Êý¾Ý¿â±í½á¹¹³õÊ¼»¯Íê³É
[2025-04-02 02:51:02,332] [ERROR] [backtesting] ERROR | ´¦ÀíÊÂ¼þÊ§°Ü: 'ScheduleEvent' object has no attribute 'engine'
[2025-04-02 02:51:02,907] [ERROR] [backtesting] ERROR | ´¦ÀíÊÂ¼þÊ§°Ü: 'ScheduleEvent' object has no attribute 'engine'
[2025-04-02 02:51:03,362] [ERROR] [backtesting] ERROR | ´¦ÀíÊÂ¼þÊ§°Ü: 'ScheduleEvent' object has no attribute 'engine'
[2025-04-02 02:51:03,798] [ERROR] [backtesting] ERROR | ´¦ÀíÊÂ¼þÊ§°Ü: 'ScheduleEvent' object has no attribute 'engine'
[2025-04-02 02:52:58,092] [INFO] [database] Êý¾Ý¿â±í½á¹¹³õÊ¼»¯Íê³É
[2025-04-02 02:52:59,350] [INFO] [database] Êý¾Ý¿â±í½á¹¹³õÊ¼»¯Íê³É
[2025-04-02 02:55:06,693] [INFO] [database] Êý¾Ý¿â±í½á¹¹³õÊ¼»¯Íê³É
[2025-04-02 02:55:08,011] [INFO] [database] Êý¾Ý¿â±í½á¹¹³õÊ¼»¯Íê³É
[2025-04-02 02:57:10,053] [INFO] [database] Êý¾Ý¿â±í½á¹¹³õÊ¼»¯Íê³É
[2025-04-02 02:57:11,180] [INFO] [database] Êý¾Ý¿â±í½á¹¹³õÊ¼»¯Íê³É
[2025-04-02 02:57:11,703] [ERROR] [backtesting] ERROR | ´¦ÀíÊÂ¼þÊ§°Ü: 'ScheduleEvent' object has no attribute 'engine'
[2025-04-02 02:57:12,441] [ERROR] [backtesting] ERROR | ´¦ÀíÊÂ¼þÊ§°Ü: 'ScheduleEvent' object has no attribute 'engine'
[2025-04-02 02:57:12,911] [ERROR] [backtesting] ERROR | ´¦ÀíÊÂ¼þÊ§°Ü: 'ScheduleEvent' object has no attribute 'engine'
[2025-04-02 02:57:13,359] [ERROR] [backtesting] ERROR | ´¦ÀíÊÂ¼þÊ§°Ü: 'ScheduleEvent' object has no attribute 'engine'
[2025-04-02 02:57:37,001] [INFO] [database] Êý¾Ý¿â±í½á¹¹³õÊ¼»¯Íê³É
[2025-04-02 02:57:41,626] [INFO] [database] Êý¾Ý¿â±í½á¹¹³õÊ¼»¯Íê³É
[2025-04-02 02:57:48,639] [ERROR] [backtesting] ERROR | ´¦ÀíÊÂ¼þÊ§°Ü: 'ScheduleEvent' object has no attribute 'engine'
[2025-04-02 02:57:49,306] [ERROR] [backtesting] ERROR | ´¦ÀíÊÂ¼þÊ§°Ü: 'ScheduleEvent' object has no attribute 'engine'
[2025-04-02 02:57:49,780] [ERROR] [backtesting] ERROR | ´¦ÀíÊÂ¼þÊ§°Ü: 'ScheduleEvent' object has no attribute 'engine'
[2025-04-02 02:57:50,240] [ERROR] [backtesting] ERROR | ´¦ÀíÊÂ¼þÊ§°Ü: 'ScheduleEvent' object has no attribute 'engine'
[2025-04-02 03:37:58,816] [INFO] [database] Êý¾Ý¿â±í½á¹¹³õÊ¼»¯Íê³É
[2025-04-02 03:37:59,728] [INFO] [database] Êý¾Ý¿â±í½á¹¹³õÊ¼»¯Íê³É
[2025-04-02 03:38:00,347] [ERROR] [backtesting] ERROR | ´¦ÀíÊÂ¼þÊ§°Ü: 'ScheduleEvent' object has no attribute 'engine'
[2025-04-02 03:38:01,005] [ERROR] [backtesting] ERROR | ´¦ÀíÊÂ¼þÊ§°Ü: 'ScheduleEvent' object has no attribute 'engine'
[2025-04-02 03:38:01,434] [ERROR] [backtesting] ERROR | ´¦ÀíÊÂ¼þÊ§°Ü: 'ScheduleEvent' object has no attribute 'engine'
[2025-04-02 03:38:01,840] [ERROR] [backtesting] ERROR | ´¦ÀíÊÂ¼þÊ§°Ü: 'ScheduleEvent' object has no attribute 'engine'
[2025-04-02 03:50:34,117] [INFO] [database] Êý¾Ý¿â±í½á¹¹³õÊ¼»¯Íê³É
[2025-04-02 03:50:35,272] [INFO] [database] Êý¾Ý¿â±í½á¹¹³õÊ¼»¯Íê³É
[2025-04-02 03:50:37,197] [ERROR] [backtesting] ERROR | ´¦ÀíÊÂ¼þÊ§°Ü: 'ScheduleEvent' object has no attribute 'engine'
[2025-04-02 03:50:37,799] [ERROR] [backtesting] ERROR | ´¦ÀíÊÂ¼þÊ§°Ü: 'ScheduleEvent' object has no attribute 'engine'
[2025-04-02 03:50:38,268] [ERROR] [backtesting] ERROR | ´¦ÀíÊÂ¼þÊ§°Ü: 'ScheduleEvent' object has no attribute 'engine'
[2025-04-02 03:50:38,712] [ERROR] [backtesting] ERROR | ´¦ÀíÊÂ¼þÊ§°Ü: 'ScheduleEvent' object has no attribute 'engine'
